3 72 83 97
3 263 170 142
2 74 204
3 110 53 242
3 260 42 211
3 57 287 196
3 203 235 208
3 116 202 228
3 164 201 238
3 60 82 9
3 58 23 43
3 277 177 289
3 166 29 143
3 213 64 229
3 63 230 153
3 80 35 78
3 21 222 279
3 275 109 12
3 162 86 52
3 95 5 247
3 88 10 77
3 200 295 169
3 107 138 186
3 129 89 94
3 150 81 255
3 0 32 145
3 249 254 233
3 108 50 49
2 99 117
3 282 121 264
2 18 40
2 87 265
3 127 239 280
3 7 172 199
3 96 207 47
3 261 11 115
3 187 191 173
3 299 48 37
3 156 76 135
3 168 217 152
3 290 73 130
3 180 146 231
3 15 248 189
3 184 284 2
3 133 268 266
3 259 237 151
3 267 61 84
3 171 157 71
3 294 258 20
3 144 128 278
3 161 22 182
3 103 14 178
3 4 90 176
2 159 236
3 24 185 126
3 225 6 104
3 54 160 30
2 167 147
3 227 25 272
3 212 131 67
3 193 114 55
3 245 124 257
3 13 244 132
3 125 98 292
3 41 214 270
3 246 70 59
3 198 219 141
3 216 112 251
3 220 197 274
3 210 298 155
3 56 93 31
3 286 283 123
3 232 101 223
3 218 119 206
3 148 28 194
3 273 26 262
3 44 3 250
3 113 253 51
3 105 205 149
3 224 102 240
3 38 45 215
3 39 27 46
3 62 16 17
3 19 181 120
3 276 118 256
3 79 163 69
3 134 271 183
3 226 140 252
3 137 158 100
3 136 269 66
3 85 195 192
3 92 190 1
3 8 122 291
3 91 209 165
3 188 111 106
3 296 241 154
3 281 243 293
3 34 68 175
3 285 174 288
3 75 139 297
