9 3693 9463 4255 9613 3778 643 384 3827 5127
2 7716 8730
2 8227 7809
17 7957 7512 8892 8803 6141 8298 2173 9817 5134 946 9686 3337 3516 258 6214 438 2337
10 7928 1860 5049 933 4205 7113 4559 5985 1087 557
3 9550 2288 2620
3 3696 2053 4023
3 3578 5441 1452
3 7640 3614 773
3 5161 4027 8345
17 297 8086 277 8410 7710 6480 578 5064 2882 5072 1882 9663 3324 631 1751 6792 3978
6 8758 5562 7122 1706 5348 1653
9 9619 8739 457 9735 9737 584 3767 4736 1064
28 8731 8020 9306 9874 2305 8989 8155 9537 2745 7693 6331 2048 6898 4221 5184 8165 8270 7121 2514 1811 6787 7027 5787 3390 9214 5596 6368 8612
19 273 8698 8224 1655 1755 1365 1537 9833 7926 9659 9403 7635 6256 1333 9257 1847 8948 2983 2862
2 6377 4793
8 7318 8104 2147 8348 5914 7972 9451 7568
9 2735 6662 481 2031 2754 952 1433 7015 3755
10 5716 2512 209 6475 4704 4913 8780 8793 3508 1018
23 55 2714 5517 7574 1997 266 9477 7479 553 2809 7392 1819 8004 2461 5980 7747 2003 6761 488 4142 298 3679 8001
3 7109 4411 7482
16 9140 7230 965 318 1977 3169 7778 5635 2710 4135 4438 7280 9528 251 7899 3749
2 8088 9049
5 1866 9985 2112 7453 1545
3 1105 7284 9360
5 445 477 5887 1143 7362
2 7013 4471
2 364 6686
3 2015 1529 7632
3 2573 4476 9716
22 4839 2589 2957 3991 780 782 2323 7665 4355 2121 5481 5268 9072 1253 4900 1780 9615 5683 7241 4140 8641 7756
21 6695 9996 874 565 3966 4409 2653 3122 2330 8097 1071 1034 3959 9456 2155 7053 5580 6576 8825 5232 4987
29 6706 7287 2357 9602 9144 2497 6392 3370 5267 2126 9684 949 9031 8007 9534 1448 1383 8281 3300 3447 4148 8264 8417 1877 3310 7358 2730 9677 7405
28 8406 19 9768 5089 655 6749 1491 4297 5036 1453 2543 9896 1791 3845 6820 8933 6679 8081 291 9973 2517 2968 1526 664 2492 6819 3899 5230
5 5868 8073 9579 4301 6018
14 5335 9207 6410 5816 2470 9392 7679 2977 3689 262 3272 3252 4811 9796
16 8708 5902 5393 1260 9042 9497 3338 4857 1428 1513 8153 8632 486 3957 5776 5646
4 311 8303 9750 1131
3 7862 6544 7813
22 61 3410 8203 3426 9575 2731 2180 3181 3867 6999 7334 272 8549 288 5181 7892 7688 9338 4757 7577 6917 5471
6 5343 902 6547 6076 8788 1140
2 3647 7433
2 1778 1000
9 9979 7293 1177 9804 881 388 8038 5975 9999
19 4842 9406 945 8207 7277 9065 772 5809 8239 7296 6974 5763 4936 8394 6889 4998 148 5531 6127
2 1135 2887
2 3291 5226
21 519 8458 6875 2973 6021 982 8445 5622 3829 2907 2063 2561 8107 1610 7050 5412 712 5676 6019 1788 5524
17 1273 5227 3196 5626 1835 871 7275 6297 4012 2777 1289 4122 3504 440 1285 7146 8113
18 8310 1838 2143 7000 4938 1474 4744 5021 7316 1781 1316 1533 9621 4412 5533 1652 9024 7509
12 9411 3655 7927 284 8991 8609 9232 4249 5909 4810 1763 7432
1 4887
10 4894 400 493 6634 3325 7816 3694 894 8422 1322
31 4637 3245 7104 2657 4225 4016 6425 3047 4806 4007 8882 9742 1725 9288 1541 2467 2229 8460 1307 7047 5754 3023 2083 1933 6621 2097 9266 7979 1472 2890 2225
10 4788 1227 4223 2881 3537 5169 8373 9436 9372 6834
24 9888 610 608 7446 3191 3414 4035 5088 7457 9822 7754 4768 5559 1818 7250 9170 3060 4431 822 6250 7165 3113 6978 9380
17 1209 219 4624 9353 6984 3502 156 5008 8819 2805 9880 5255 3515 5197 3702 2698 1439
7 7956 8630 8573 4107 6173 8111 7522
27 7657 2507 4455 3068 9705 1963 7382 2207 127 2675 6932 3811 3782 6447 2144 6823 5506 45 5066 5339 8295 4134 289 9099 3792 2019 5855
11 6901 6877 9267 2216 1102 494 5764 8326 129 2308 218
25 734 3409 6786 128 6029 7172 2651 6927 4664 1859 1710 4224 1368 9205 8745 3395 5430 5638 6427 1940 1479 5661 3690 5551 2055
30 9523 4693 6168 3821 7236 9562 1863 6305 7692 7263 9948 2477 5619 138 5247 1499 3748 5577 8931 8522 4168 3525 2127 4108 9439 7591 9178 9834 6721 302
31 8518 5027 4959 6804 8338 8146 9795 3879 3477 3435 6270 3261 9812 2107 6864 7987 4628 9460 8293 1296 8512 9699 9745 919 1957 2946 1044 2289 5926 3662 160
30 5424 190 7471 9316 6836 956 8766 4587 102 9617 9570 843 4302 959 9433 7021 5104 510 1606 752 8065 5236 7291 1231 8487 7669 2457 1570 1982 794
5 768 9252 7147 8753 7855
23 3030 8024 2401 1830 2338 7492 4403 9062 6962 6566 3454 4212 7588 7285 1358 4612 4972 8598 3676 763 7051 8716 3084
19 4494 7709 3773 4349 8653 9135 6247 6630 5394 3570 9533 9682 5330 5518 3056 2822 9787 6644 5376
31 3149 2531 3067 6307 2399 5212 3795 2787 3732 6216 4593 8300 9516 5105 1466 3174 9230 173 8258 2148 3730 564 1308 4963 844 1572 855 936 3954 9990 7307
13 2247 9166 2335 4863 8747 376 3315 2693 688 6855 9258 3705 548
11 9084 6529 442 3833 5917 4123 454 4523 5742 4181 9005
25 8640 7398 5112 730 8816 1201 2952 8615 7282 6172 4159 8743 8624 5582 7718 2451 7130 6611 8418 6501 2196 3180 7390 8808 2628
29 2912 6269 5060 1276 802 830 5351 8368 5799 1352 2802 4328 9268 4104 736 6873 2016 1320 3598 2380 3223 7607 4551 6788 5044 8409 6388 2724 5575
4 7346 2346 9921 1905
6 8204 9920 9744 6293 3086 6090
24 6002 9820 5487 9030 4705 5678 161 9394 7466 5001 1930 4358 3293 7062 6264 7071 1764 6936 9861 9668 6112 7943 6113 5434
2 306 8994
23 1066 8489 4233 4980 57 32 4659 3194 3904 5465 3173 9376 78 4876 2433 3794 5961 7878 9058 3571 8374 8078 5439
30 5406 9020 1674 4502 168 2992 5303 6398 1884 4485 5170 178 7777 147 1752 3079 2332 8325 28 361 8294 5019 4183 3004 9660 7310 648 2579 8528 3643
4 4586 1002 4006 8000
5 8102 8071 3507 8070 6828
22 6916 4260 3865 5516 1777 4481 6380 9364 3429 7080 6301 243 2749 815 7023 2795 1225 1077 3637 9484 7951 4041
19 6831 8213 6741 9869 7226 6523 559 3227 3905 2645 4569 1229 8936 8845 3020 3503 4530 6384 2509
2 5480 2445
2 5332 8563
10 961 3104 6536 4657 415 379 6197 9914 2502 4399
2 873 1880
21 6456 3918 4112 1518 9657 1627 8353 8909 4089 1891 7610 6513 5484 8006 9578 54 5010 9599 360 2376 7036
22 1040 8029 8277 7430 1508 6615 1281 3949 8272 1364 5306 6452 1702 5326 6362 5365 1703 9540 4157 9336 7393 8147
2 3608 2528
23 6115 7810 7677 8835 290 9064 9410 9466 8585 5941 7749 4608 5384 1094 2499 1056 4436 7290 4401 329 6840 2530 7820
23 2576 7064 8328 4848 6186 8768 5628 6805 6832 979 2557 6495 5810 6431 3006 647 3166 393 6300 8663 1204 4432 5311
2 7227 7909
3 1563 8968 8330
8 7965 8158 3779 2896 9138 1459 1037 1998
22 8675 6843 4437 4673 4202 5539 645 6132 2966 3496 8182 5730 8822 3973 2091 9903 7157 1795 4808 1579 1408 805
3 3539 5891 8308
4 8711 1844 3809 8156
9 9393 8262 8786 5711 3232 5557 8244 8599 4321
3 6745 9763 5059
30 7861 7864 5948 7975 2605 3938 8772 1667 8504 907 2377 3657 969 808 947 5314 3039 8247 42 8231 7942 1786 8608 4341 317 6176 2750 8137 7758 5791
15 8175 5572 3510 3199 3116 3468 4819 6910 320 581 2582 7815 7854 6914 8119
20 29 6418 2963 718 640 9712 4990 7344 6907 852 592 5479 6124 5828 7295 143 1663 1341 7789 9719
26 9325 2278 4194 5507 8285 1792 9190 100 7732 5087 2969 7830 2796 5117 4442 1749 7461 3209 5327 6417 2877 5893 1074 5202 4556 4886
24 9675 1784 5510 9805 5686 8682 2060 7448 674 6672 6596 7065 8160 7520 9978 9664 5475 1347 7736 4542 3042 2529 1923 8463
2 7355 978
25 5086 1447 6558 3317 4404 4957 6648 1239 4256 542 7727 9038 2156 5785 985 8971 2889 8759 2354 9124 5773 7725 9123 9736 899
3 8773 9346 641
5 4525 864 211 3230 1114
24 6412 7129 6164 8040 7870 9743 9116 7840 8652 115 6925 7614 2715 686 9755 2524 198 1915 6759 1858 2908 5563 9097 7700
30 9563 8787 1100 5025 5182 5719 2250 1910 9202 7041 9962 659 3394 9441 8126 1871 4582 3413 1058 7420 2087 8032 9197 4671 3248 4193 2475 1805 5688 8363
8 622 9405 3947 4482 4493 8245 943 8433
22 585 5858 5006 1221 6413 2686 9751 9127 7274 4773 8063 6059 9739 5320 609 5509 5151 2474 1983 6212 5819 4662
3 666 1067 6600
17 2020 2603 8832 2783 1797 141 6062 8798 6868 3536 600 4191 7218 5669 8080 8319 5874
3 1178 1381 9515
16 2432 9128 6053 9105 507 5830 8761 230 9754 2237 3774 3890 2491 2593 7476 6193
24 5299 3239 9666 5636 2537 7434 753 8523 7729 8820 3211 6880 9943 2364 7706 2820 1654 2911 9580 3304 7496 9960 1722 4296
21 1515 9626 5890 6255 3375 2577 9738 6346 5962 1282 9379 6678 7125 6813 2549 3810 3868 6145 6676 2516 7467
10 8962 2006 7319 4720 7152 5124 636 1736 5573 5190
4 6965 3362 1922 7600
15 1335 3148 7082 4875 3022 7663 81 6333 3163 6995 6801 9471 1427 3887 9765
5 9752 1090 6327 9019 6960
2 7108 1855
9 9976 4511 8902 1326 6647 7506 1713 9600 3713
2 7575 4557
17 920 1372 7428 8784 497 2663 6597 6582 6769 4840 7782 1666 2510 3733 1118 5895 9608
27 2135 6404 8715 5771 6360 7683 8681 6601 4713 7315 5995 3790 1166 6085 2596 2567 8248 8335 5229 5338 4928 8849 2886 1095 1760 1115 3313
3 9913 9925 9723
5 7229 2436 9845 9249 6143
29 8728 4984 9087 7648 7580 3585 9164 8831 9832 1232 46 3981 461 8510 9908 1914 7351 3738 1535 2763 5946 6516 2624 5146 140 7625 1837 4640 9906
2 2384 3560
2 1973 9287
24 5445 9473 9691 2566 6069 8085 2997 8665 2602 1779 8904 7259 836 9092 4351 6075 3548 7478 911 7705 8083 5493 8332 7
24 9409 3596 166 7372 2518 5012 7246 1369 7633 8505 4832 8767 2478 539 2162 1486 3363 6287 764 18 6074 3533 5269 757
20 8509 699 9495 3512 5756 6512 9158 189 285 8935 26 1918 8704 5570 8240 5812 3014 9146 5020 8684
11 3371 6199 6004 9830 3594 5815 7150 6904 2851 798 3870
20 677 4536 2928 7876 7668 6526 5241 3609 9639 9322 698 589 2214 8215 9726 3179 8923 4844 1473 2271
27 568 4208 2106 248 5955 2261 3420 7922 8876 7941 5031 5099 9056 9421 515 9718 9448 9895 3235 5703 1390 2131 4983 4700 2098 392 7011
2 2736 2669
22 8520 3575 9246 1804 9549 506 5674 4503 5603 76 2370 7757 6102 43 3980 7511 4952 6311 6230 6087 4799 4747
17 2695 1605 2975 1223 4973 633 3669 799 4470 684 1286 4500 5898 9760 2806 3903 5198
5 8189 726 5307 4528 5578
8 6466 2026 1564 4405 6222 9418 3926 807
2 368 1555
5 5769 1407 3739 2412 4604
31 1097 4098 7451 2118 135 4703 3842 5656 8367 9242 704 691 4858 3466 196 8540 4060 1604 8432 8233 9435 2849 5707 9437 5035 5737 4961 3264 4158 5631 1136
2 5091 6441
21 6424 9090 9544 6942 6903 9819 348 876 6013 4496 538 3292 8115 2462 1400 14 1462 2815 4339 6154 9721
18 3817 3640 2742 6473 1634 6580 2406 9505 9229 928 6540 6397 4015 3297 8885 5811 8718 5973
21 8703 1013 8774 825 267 146 5724 5374 7501 1199 9826 8061 2263 4082 3864 9398 7859 6631 6465 5825 9956
22 9305 5875 9191 482 4003 6356 8529 4119 425 6674 582 2546 9894 6755 8900 1919 6355 4231 5949 2819 6191 4310
24 4377 1332 2899 7666 8133 5234 992 5409 1415 7697 7516 2599 8576 1435 8357 8202 706 8805 6005 1129 707 8959 6339 8012
2 8890 7581
4 7088 7379 9186 9359
2 2176 8596
18 3103 2166 5500 4761 9524 8110 1565 1721 6114 6462 5171 8946 4573 9253 3703 5404 8891 1699
23 2519 5615 3572 4815 9757 4658 5751 4063 1700 1051 21 1747 2765 6325 8199 2894 3911 6046 205 4364 3591 9004 4891
19 4758 9698 8978 6125 1 8937 921 3393 550 6680 7788 7556 9966 9245 7059 8623 948 4220 5652
4 9864 5553 2486 2038
3 6252 1023 2951
22 2327 2424 1869 4080 4666 9118 8259 2119 3434 8339 7659 1772 9548 8526 8828 324 5223 6817 2133 5977 8331 3048
25 7429 7612 1852 3490 6710 3036 2059 1487 1746 883 4406 5380 3494 1976 3359 4252 2202 4240 3143 5431 3327 6093 7980 9461 8152
3 2008 1208 9824
3 9449 7464 8402
27 5192 9052 6304 720 9254 6771 5627 3054 7135 2291 8214 1176 6696 8705 1688 4712 9843 116 4603 5118 9455 2830 5078 5896 6994 9970 4683
18 5934 8586 3396 6220 2982 6133 97 8998 1464 6692 3438 4925 3552 2283 4753 2902 3848 9829
18 7040 8149 3160 326 856 9100 2240 524 9810 5664 7510 7536 7330 9588 4774 9184 6291 3850
18 2869 2828 1030 7086 6550 5650 5366 2128 377 5250 9658 9055 558 2858 4763 6322 7733 9891
6 700 7849 5540 6567 2541 3861
15 5304 1113 1625 5920 4953 6089 4415 1947 2125 1416 7753 8886 8929 2298 4177
2 7804 820
25 3564 3579 5744 3263 5663 4115 6538 9761 9481 1937 8500 2052 2931 3137 4073 7340 3387 8914 1156 4298 4447 8249 6096 4479 8879
8 5440 7320 2495 9071 2654 5679 6583 437
1 5982
3 2944 3936 7773
8 7119 6150 5377 908 6463 389 6152 6934
29 4495 1406 6851 6192 9926 3666 9511 611 1324 1331 4384 6098 4117 929 8659 4906 4647 7790 8749 556 6554 5618 9501 6435 6661 7722 3837 5030 7042
3 4829 9044 1022
23 5235 1637 5818 409 417 3840 2409 66 9561 2867 1096 4965 7842 8565 2405 1925 5820 2811 6445 4752 5536 690 5293
27 1138 3168 2293 9813 1527 9104 381 475 8951 380 6657 3476 3547 5976 8359 4985 3788 6555 5633 7919 673 336 8195 6148 82 7533 4332
16 4078 5808 6756 5732 8995 4639 5847 6416 9474 9541 2269 6072 2812 6514 8726 4077
28 3055 2233 5856 7249 7602 7312 2245 6034 2585 9564 1160 352 8945 402 6064 7288 6773 6790 4176 226 1258 4668 5024 4284 7343 5978 8265 8964
5 2559 5721 7684 174 5334
4 5649 9377 6521 5449
2 2297 2758
19 5341 5727 8713 1267 9654 378 7191 6066 9238 3432 2670 1035 5164 71 8702 9585 3741 2773 1705
6 3025 8055 212 6744 3088 5883
30 4059 3049 8979 7406 3602 1550 4376 4101 6638 3993 3784 1211 9641 1790 8026 93 6921 2535 4345 5463 334 4322 3448 1899 3041 1495 3853 9374 5508 8797
28 3743 1414 892 2780 95 4410 6764 2181 7901 3482 3099 4828 2234 484 1394 4092 9821 1707 4385 207 7452 1802 9656 5836 2550 3928 4568 840
6 7401 3758 2649 4065 1061 9530
7 3090 6656 6669 9289 6762 4317 240
25 6670 6654 2784 1218 7085 9314 6985 6336 6698 9284 4924 5201 991 8304 1525 1806 3472 351 7031 6302 9290 5937 8503 4490 6419
21 6228 5881 7116 9286 2036 9949 5457 6121 6178 880 776 9862 7930 441 323 4812 2629 770 4510 4716 9088
19 549 4583 3424 3603 7690 6729 1346 4971 2630 938 8906 3828 5738 7056 8999 8619 702 7410 7391
2 8967 1190
2 6039 6190
3 7913 1319 4483
10 8950 9452 3354 2056 3433 9897 3751 2177 446 2521
25 6541 3826 5746 3188 989 2639 3789 7364 4344 106 2525 1679 8150 1042 9363 7521 2416 6887 6766 4516 2637 2940 4049 8122 5647
2 4011 8727
28 6663 5402 8449 9806 3544 4613 4396 6048 7785 2652 7769 8687 987 4472 9029 5625 6617 6511 1836 220 7954 471 2692 1641 3184 590 2691 8238
3 9927 9569 7105
6 7475 789 7314 4629 1785 766
9 7929 6361 2690 1252 8194 2984 3986 5919 3367
24 1888 8459 513 7255 6474 2916 5433 4326 1436 847 2612 8534 7094 4915 3736 2454 8365 312 3273 756 9552 4570 1939 2287
27 3167 4882 7704 206 9640 3058 5779 241 1349 8190 7933 3754 1531 2444 6312 6891 7743 6561 5761 9081 7992 9294 3835 7136 3284 5682 7986
4 3202 4390 7182 3274
34 9847 9291 8376 4867 8434 8637 2235 2635 1647 6705 4171 9134 6784 3793 4347 6094 1539 65 5804 1753 1310 2682 2739 9366 2378 3485 2027 7095 1274 6481 2976 321 443 1254
3 6783 7444 3491
25 117 5743 2422 150 5712 3583 4139 7096 6279 2702 8843 9607 1590 4198 5747 6928 9899 418 7850 5960 4977 7154 2609 7996 5459
2 8578 1159
3 1269 9349 5968
2 4467 4469
25 4742 3197 7117 5541 1628 1460 4291 3802 7642 444 2270 2057 4204 744 2431 5257 9211 3118 1362 787 259 2993 4759 3975 3914
2 1192 1344
3 2774 9251 9868
33 1664 1794 3459 9320 9628 9769 1386 6739 3270 5187 3636 8030 1182 8220 4353 6367 7763 3776 7615 3356 9593 6267 9431 9946 1954 7304 2249 6315 6294 9384 4649 5545 6505
3 6031 3193 2430
2 5991 2939
19 4150 4877 1588 9890 3740 4615 7811 2115 4314 2021 3699 155 5639 3519 4175 427 2998 6470 9770
2 9121 6753
27 5018 7114 627 2626 9944 1723 8034 4652 7912 3290 3531 3228 8662 2548 8475 8299 6859 4850 2428 1765 3206 6624 3441 1694 3523 2134 5467
20 583 6135 7846 1904 7337 6357 2852 1768 7498 4772 6830 5877 723 6894 5842 5138 8538 4691 4779 3456
3 563 1817 3185
2 2660 3246
8 3444 5387 2074 3566 6399 1027 1015 1293
15 1978 4537 2642 7557 9464 4854 3685 8099 5556 6129 9509 9601 8762 1642 8622
3 6403 5371 5513
25 3442 9852 6455 5425 5957 6000 2999 2033 4099 7513 1297 3271 412 6262 8344 6014 8757 5 8633 8206 8658 4563 3612 7968 8384
24 1543 3697 3329 4630 9485 3885 3542 5453 3215 9964 40 1568 4937 4942 322 6282 1432 4381 2379 6065 301 6782 9791 7252
24 9313 658 5698 2539 8554 4028 5428 8037 2320 9952 9553 6793 3221 9547 9175 9697 9756 8162 1219 9147 9220 1456 2664 3698
20 580 7020 1363 1986 3220 6402 1553 8493 6562 3534 6116 6543 6225 1108 2759 7744 9714 73 3611 8499
6 6913 4048 872 3028 7368 4803
10 222 8557 3910 4830 5593 2343 1956 4580 7844 8594
28 6263 7188 2520 6450 69 8856 7685 3112 6272 7043 4756 6268 833 6751 2935 7009 6874 223 9961 9924 5612 5185 9154 9885 2329 888 8507 4116
24 9679 7889 6068 8351 7737 4602 7628 5584 7425 8263 5221 7142 134 4173 3844 1894 2071 3063 8341 4996 6976 7235 1931 6390
18 672 6658 9556 5090 5668 9341 708 4274 7940 4121 5350 6560 9076 8356 5098 4261 6158 6170
3 4679 3760 9910
2 2718 4325
6 769 3527 7373 977 6238 835
15 7877 7711 2838 4807 7193 767 2556 7680 6622 4992 2678 9519 9986 6911 6060
6 1194 1206 23 4052 7519 8611
2 2418 7678
2 7325 3207
3 3708 3341 7713
5 8564 7779 4138 8139 8654
25 5885 1815 8629 1955 9297 2934 6438 823 8403 5701 6243 4209 2498 6578 694 1946 1409 9798 2872 7181 1732 5316 7436 7906 3259
16 7911 6485 6159 6245 3453 7342 7037 3278 3635 3650 4373 3312 5813 1586 784 9069
31 6689 696 5654 3541 975 9947 6856 9538 2105 6213 3098 1985 8018 2842 5708 3714 8492 3813 748 8922 2672 2002 6949 9807 8053 5750 3405 7881 8625 1052 5616
2 6321 6517
2 8965 7206
3 8184 1376 8895
25 1005 2296 2511 1010 3605 172 5503 3721 1745 1942 6727 1831 9054 5340 3968 9933 1321 6947 8056 3074 4968 5599 5485 7459 7460
22 7463 1170 9627 839 4020 7190 6537 3759 9731 7078 816 9026 1551 3374 687 2092 8441 6335 8888 4901 1350 5331
2 3654 8824
8 4058 6189 8254 8546 7990 229 8490 4795
9 6724 1384 3430 6430 8035 8605 9048 6520 4374
2 3358 492
26 375 7028 5990 9559 3816 483 1175 7209 7276 120 5100 9264 6883 2154 8009 9583 8387 1298 8354 7634 6535 9609 9711 8701 5063 3120
26 1833 1492 3029 9078 4285 5892 5783 3082 3970 1098 397 6681 7164 6824 2204 7328 4210 6545 7667 8839 1028 8275 2592 9061 8740 9250
20 4855 1630 5034 6765 98 5107 422 5238 8851 9160 7627 7707 9153 8469 7623 7200 6015 1354 5758 6405
18 489 2942 3891 8915 3114 4940 5690 8667 3210 5373 6226 7195 4727 4572 3633 5604 1088 5048
11 741 8736 1524 2132 8173 2954 7176 8661 3161 5281 8048
19 4090 2538 3368 601 511 6023 8412 967 1561 2933 9444 5561 2615 3091 4991 4735 3688 7069 3204
24 5300 3311 9274 3017 1233 8791 8421 1762 3524 5844 2415 7898 2694 5502 9661 2476 6530 1759 2726 4956 1377 2069 7115 6993
2 7468 4818
10 4687 8290 7248 35 5662 6484 6319 9740 4492 8778
23 3307 7156 8699 3786 2440 3906 7759 1613 5279 5684 3469 7672 3256 4025 1119 5103 7775 8095 5003 6895 1987 5900 7472
23 7499 2313 3849 8440 1500 3615 4024 5952 353 4147 9513 9397 8010 4468 9047 5084 4672 604 5834 7437 3347 8870 868
4 3281 4084 2751 6591
24 8292 6123 6747 6711 951 4656 2781 8785 9151 8014 9143 2722 774 7100 2413 8016 6184 7589 3280 9057 2100 6958 9507 8700
4 7399 1421 233 7061
27 6277 4873 9974 697 3462 119 9951 2041 1496 8595 1412 1299 2025 235 3222 7978 2936 6572 1262 201 6432 6482 16 898 7160 2666 4540
7 1993 4648 5954 2825 5344 7383 923
30 4379 3294 842 9543 5777 7323 3565 8128 9610 8642 3513 9177 3974 8860 5933 6106 3593 3625 2995 6314 4362 4280 7671 2970 6653 5159 2888 3656 5108 44
32 9581 6502 1530 2681 7465 5566 8093 1222 4585 3057 3775 1846 7445 7794 8316 6203 4899 1424 6945 5052 3820 7945 3018 3766 1622 2120 4189 7201 7168 6573 1089 8069
3 8878 4520 7025
3 3692 3381 180
30 7070 9402 2711 4421 4064 3554 9450 922 6584 2771 709 5899 1476 8444 10 2373 3404 8532 528 3076 9119 6406 5624 5640 1149 6070 8927 3687 5953 270
8 9216 6740 3557 2981 4329 4361 8278 6099
17 4143 7329 7768 4686 9002 8188 867 4939 9644 7630 1789 6363 9840 8230 6349 7601 3517
22 2316 113 9401 3866 4088 2333 3493 9645 2110 2893 5486 6602 7189 8525 80 3630 9883 1303 9567 8451 6241 6350
19 7952 2788 1697 6409 5054 2937 8806 1660 8620 5658 2923 7720 3320 6259 1849 6845 9878 579 6606
15 6694 9649 1995 3050 9179 7682 2706 5910 680 8031 5705 5997 8982 8606 6518
19 3457 2536 3384 428 7380 3119 4366 105 8237 7490 7650 2768 2619 1623 1808 6725 1935 5248 4241
28 2920 5213 4200 5214 419 6338 6842 5352 942 5838 5861 8987 6134 9221 8917 9006 5396 5590 9453 9713 2344 2929 9010 7297 7268 5714 6955 1304
17 1353 3540 6239 9487 9512 2551 2857 7971 4824 1842 7528 6509 6564 3964 4823 831 432
10 3156 5358 9503 4228 6825 5382 408 1411 7655 644
19 6807 5218 9595 6922 4141 607 3940 382 4433 3216 5734 905 7703 1385 1659 7836 2677 8862 638
16 8179 6329 315 8464 7174 2473 2527 1016 6581 4950 7153 7835 5325 8581 8913 8276
1 2591
27 1867 8484 2915 9631 8823 1873 3026 3038 8671 9858 6081 6677 3750 5092 4944 5520 5793 2381 3900 3407 1085 3642 8082 5644 5286 2203 7969
3 1803 8253 3111
20 6160 2641 3461 5285 8614 8795 4595 2368 7014 5062 9270 3752 1889 9865 620 5461 1481 3492 750 2836
26 9283 817 3208 2455 3717 3783 9492 7847 7203 7456 7903 4884 1981 216 4722 1026 5401 5648 6626 33 8322 5634 13 3898 9129 4929
21 5598 2079 1251 5282 8868 3051 7882 7558 9652 4561 6389 9542 1538 8170 8201 4751 6616 188 828 8468 2840
19 1560 1883 9137 8588 656 9681 7386 5994 2315 6460 8334 9231 25 7367 7947 9653 6032 2411 2926
27 9799 8271 4575 7637 3108 2967 761 2217 1311 5193 5550 8266 3597 3186 5097 1371 996 1769 3125 3935 1397 5897 3681 5544 9413 5753 5173
22 9707 7687 9282 7867 9345 9182 986 595 5298 8413 7488 6146 5908 7699 5802 179 1144 1645 8508 685 8947 7937
5 5381 7198 2717 6515 3288
22 3869 394 109 9469 3475 9620 5495 6313 8094 254 1979 9321 257 4144 5840 6371 4600 4174 3742 7742 4281 9532
7 5497 3138 1959 9702 1676 8571 89
3 499 1626 5272
23 1305 4428 3601 199 9625 7686 9576 4371 8782 5405 8953 2729 2142 2004 470 3001 3728 5489 4230 2865 962 2964 6524
26 5717 8783 6457 7638 1843 9634 152 2464 300 629 6426 3031 8051 6165 8307 6117 5416 2334 4169 6028 5126 2703 3046 4766 5745 9304
3 3607 2212 5886
9 4071 5491 1142 5621 7438 3530 5969 2463 9350
27 2941 8302 9851 1121 615 6818 8059 832 8191 2673 9900 6344 163 2439 9358 6042 3613 4932 654 5378 804 8836 8391 3718 9700 9206 2165
4 2465 4836 1246 9520
3 4644 4070 7621
2 9459 6610
29 5222 3005 4546 3129 5699 2856 8796 1106 6809 7636 4356 7309 8864 1960 4272 4443 5167 5106 1690 4166 3034 2500 7317 9067 7416 9454 1573 1726 9259
18 7799 2738 9412 1908 6340 8187 1181 8809 9687 9462 7497 5589 4465 1007 2747 6687 4127 8123
18 4346 9347 3092 4826 1685 6886 3439 2760 624 8958 8200 5000 879 6614 1744 2172 1594 8607
20 1735 1512 7585 1313 6503 4645 5913 4441 3731 4072 3277 8986 8471 1554 9672 2070 6717 4286 6795 2755
17 4435 4475 4164 5829 7884 6009 2480 5211 3135 6298 9748 2876 2481 3265 8949 9764 926
30 3471 6794 8435 530 2904 8521 4869 7034 6814 7856 8737 3675 6902 342 2835 1639 5005 9867 4626 9801 9053 6037 2792 5549 4363 3019 8501 1636 7374 6342
28 6815 1609 2426 6296 3105 7567 6742 2352 2741 2732 6407 8970 5070 8072 5379 1073 4715 1033 1049 4238 3558 3856 9587 7530 7202 3719 998 3528
14 2986 3990 6155 498 2000 5287 5426 7609 7483 3389 8975 1216 2007 6348
9 7141 7435 332 210 7239 5780 5296 4898 5865
9 5860 9935 6206 9109 1046 6274 3824 5597 1562
5 6649 8566 1970 2866 9693
2 5983 8047
28 303 3257 8548 8198 6718 8419 5477 9527 9375 7595 3165 5632 7381 7793 1921 3595 242 3360 2018 3013 1754 8355 1086 1484 6464 5095 3043 176
4 4309 7891 1146 8553
5 3988 7210 5295 4838 4949
16 24 2123 7224 8536 846 2178 4636 4802 5140 8881 5851 264 1021 9301 5294 1009
2 6912 4796
15 5970 1724 5189 1186 6966 1422 249 8830 576 5950 6988 605 3298 6365 3941
15 88 6780 2782 5347 4029 6244 5260 4068 5864 1682 6382 1442 4275 5147 6
7 4066 6884 4507 7097 39 4420 3388
21 3855 6900 1489 4154 3915 4245 8167 1864 6248 2246 4625 1132 7352 3805 3889 2136 5178 1213 2697 1359 6051
15 2949 7553 9965 1240 7579 7535 2075 350 3145 9848 1821 6207 1356 4054 2130
25 1528 1228 8426 5120 4782 4137 1845 7162 5400 6359 6056 4539 7090 1342 4762 1423 3852 3427 651 4367 1813 1961 8866 6650 1962
6 541 8848 6208 4450 3225 3638
33 372 7993 5466 8346 3073 6316 5620 7883 2799 6652 1079 751 7278 7746 294 2648 4114 1396 8693 5925 7397 5786 8584 4368 4461 75 3464 5203 3455 7983 7676 5474 2544
29 4618 8932 1635 8309 3411 1580 7442 2140 4372 2613 1511 1475 3146 5386 1715 5143 5670 8903 7800 3590 973 3927 9040 4427 8260 7228 7863 5312 7093
2 8670 5071
25 423 3249 1689 5535 3200 5240 8079 7253 4605 8694 8827 4244 9998 9919 7192 2285 5383 9856 8837 2050 6323 7057 6242 4416 2650
11 8342 4387 2523 9586 849 657 8996 8815 3027 4419 2448
3 476 8397 995
29 268 3236 1984 245 4246 4050 2570 8575 92 1294 9263 7048 8058 6722 5123 5630 293 8729 2587 9447 717 6408 7038 1927 2879 1990 424 3825 1191
5 6607 4717 3709 5821 9573
30 2061 9187 1734 8574 7243 6352 9871 3807 1733 9276 5082 3839 8257 8288 5959 9299 916 4232 6318 6736 3526 367 915 860 5831 2827 5011 8685 8221 8057
28 1992 6139 6493 41 9696 9680 5511 2077 9209 2385 2011 5792 3044 6775 777 6038 5166 450 3700 1712 2258 1214 6108 6869 1380 8943 6559 247
6 8840 8021 7546 7662 310 1284
5 4601 6735 7196 7075 2709
19 157 1323 4635 9815 950 9180 9381 5782 6699 4043 3178 8297 7771 9295 4599 9642 4320 8235 8925
1 7110
8 1757 4781 9011 6563 313 7068 1695 5979
5 1776 1024 3334 4588 4417
2 1874 4646
20 2883 3651 9255 3066 3680 6101 6989 369 9478 5094 5801 5168 964 5346 5505 2342 1367 4931 2922 464
10 6198 1773 2198 935 984 6618 137 6548 1670 1546
2 3147 5903
8 4307 1651 9385 7934 2171 5444 6665 6935
30 3253 7186 9685 4833 3083 4250 7698 7211 7208 7245 4880 2453 6393 4019 612 8755 4701 3919 5687 1519 4182 2987 3998 1991 5845 9034 5362 2847 7375 4243
30 474 7140 5710 5554 1200 3921 1684 8955 2776 9033 4034 7629 9912 15 7918 9225 9630 4388 9389 4004 3419 6506 5930 593 2564 4079 1327 3535 4095 4192
21 8329 8587 5369 3632 448 9130 4017 9647 8610 1431 1875 2684 8284 3296 9708 7450 165 2310 3158 3229 9650
18 3580 554 661 1640 1111 354 7988 2122 8857 4698 9732 7767 7904 6477 6217 3620 722 4277
24 9514 8209 271 9012 5757 7554 208 6261 7010 7143 9624 5794 8431 5080 4335 6229 4548 2088 6899 1060 4967 455 1153 5047
4 7561 4352 7613 9489
25 6381 3546 2748 4910 6128 596 6119 1215 5579 6716 4532 6157 2844 495 7741 6249 2124 8678 269 5345 6035 9831 6991 5174 2210
19 1315 1879 7792 502 2167 7994 3345 9156 7924 194 5470 940 9788 588 4678 4172 8389 8666 535
24 9003 7455 3976 6003 6058 6498 1693 5375 7134 7066 5610 2037 561 4730 1283 3634 7242 1878 191 5215 5361 4133 994 9887
2 7948 7458
5 9901 5359 6200 8719 2265
2 9954 5067
10 6633 6752 9636 6645 7534 8028 2099 4337 1478 8572
3 5245 8192 5478
2 6879 6527
19 5324 9733 3951 5017 5158 9037 7643 7387 1709 4074 9083 3061 6320 8568 5762 2096 2300 8430 2853
20 187 3667 3170 4299 2382 4914 6251 4872 2407 9849 9784 1854 9021 7408 8934 1280 1542 5637 1559 6185
31 4094 1438 328 4794 5205 2425 3616 6446 3663 9923 8938 1245 6593 8973 1787 2078 1004 5016 8721 8141 339 4239 5357 7970 5918 3343 1506 8279 4606 1195 6221
20 5693 7180 6951 435 5156 9457 3117 2790 5608 6306 4235 9929 4051 7658 1426 8411 5749 2032 8838 2321
2 7347 1339
3 4948 9483 9803
12 3629 5237 8274 6420 1949 4709 6850 819 594 7599 8679 5254
14 4214 3333 2230 8448 6575 4862 9836 2191 613 693 6499 3330 0 1615
5 2356 8792 854 3729 7760
4 719 8306 8722 3478
25 6822 8425 4196 6265 9382 3319 6969 4786 2979 3785 2948 7872 1591 7560 9780 8672 6224 6972 6768 7518 3431 2353 3965 3791 8414
26 8420 4056 5113 8382 4920 1503 2442 5135 5837 4477 2290 7931 6848 3592 4136 4614 7917 850 2483 6688 8483 9493 2277 4069 2049 7559
19 8395 6767 3989 7102 164 330 5660 3102 4584 8481 5176 5532 8473 884 4005 9648 2251 5889 6603
29 606 739 6924 4109 9045 7572 665 895 1587 4607 3532 3465 4163 8193 4654 153 6281 870 6309 7247 5414 5912 3600 1969 2488 8226 4269 737 1892
20 3555 6110 4184 6202 5602 7494 6078 6946 9741 6104 7363 6387 813 5152 1936 1893 8893 7524 7989 2145
2 3321 4941
27 957 5971 8323 3830 7874 1272 6454 5228 9262 1256 8542 6161 1393 8918 912 9152 8437 8720 1092 7426 6720 79 9555 944 4926 8453 4846
16 8477 4885 8447 4207 8940 9199 3205 3624 5317 742 5498 8340 5141 31 3134 762
29 2720 9670 4414 5996 4665 3875 8219 9872 5263 7730 5116 7503 7187 2534 9790 9939 5258 2311 9989 6142 1766 5121 1868 7833 4680 4242 5364 1646 2617
2 1399 7376
9 3549 2324 3176 47 1430 5437 2359 4868 7264
17 713 3276 8370 533 3398 7019 3952 2680 3722 5391 4100 7997 4022 8251 7784 5653 2816
26 2571 9046 1593 8462 9633 5888 9018 572 7477 5045 4623 6041 2042 2740 4852 2762 1446 2668 3771 5053 4577 9307 869 7017 9909 4120
26 4008 6952 4935 7631 439 9557 3701 6024 7916 252 9357 7194 3992 3213 2793 5136 5496 6303 4380 3322 5130 669 1599 4040 3012 431
20 8559 6044 200 8157 3445 1913 9273 7555 2192 7267 3323 4000 8077 2487 362 7127 1180 1633 2326 1076
24 84 6849 3024 1054 4733 1729 8042 3818 9159 8506 9089 8064 2769 614 4152 3081 8561 5850 1895 4162 2608 7673 3619 8022
31 2917 567 4170 5748 1994 4558 1601 9419 3366 2919 3451 2275 715 4236 6683 2034 3847 7999 5482 9275 3599 5823 1187 4030 9814 5363 4697 7183 3644 1137 4292
25 6961 2429 7357 4661 6012 7787 5291 8379 7762 4397 1944 9324 4340 1814 3682 4333 3917 1126 4934 5736 3015 9977 9465 7731 8046
24 3008 4706 2791 3403 4153 3972 5601 9068 9458 990 8023 8218 8108 7101 8121 7265 7233 6010 652 5322 4820 5432 4042 4778
