28 3611 8432 4765 7689 8584 1283 2918 7944 9231 4542 9771 2943 71 1147 4128 214 4970 7563 5750 1084 7226 542 3521 3510 3015 796 9968 8314
28 9392 3240 7946 7244 8540 8681 473 6738 7468 4289 715 5480 7237 6192 7012 4934 1161 5399 4399 9386 2366 7301 4012 2197 4702 4437 8387 4978
28 4804 1143 227 3643 8063 3623 9242 311 7592 2595 4040 5501 6352 8094 639 938 8029 9551 8171 2598 346 3221 7501 9582 5536 3457 1928 3918
28 4114 8502 8492 487 5456 4784 1542 2242 4446 2654 7503 2808 9043 2817 4633 1114 5447 8321 490 165 4233 9146 1297 9065 9517 47 4552 9330
29 5777 839 5195 9646 8765 9241 630 888 2179 3774 7352 2325 7429 1744 8864 623 4955 6724 7783 3768 3933 3823 1527 2953 9805 4384 8236 3444 531
29 9215 7708 7011 7516 3811 2873 2018 6752 7105 4647 569 8505 8721 7792 7258 492 211 1581 483 7504 8809 4968 632 5677 7463 427 8374 4707 4916
28 1587 1130 4754 2244 3391 3733 7800 5742 3904 619 2928 5770 9228 5720 3463 5662 6104 1654 8671 1180 1475 3200 821 8802 8058 2385 7965 2668
28 2823 1204 4807 8625 6351 9752 9665 2158 2680 8627 7257 4021 2262 7118 1968 1887 1050 3602 3776 2272 6834 3990 5981 1995 6201 677 119 7260
28 2636 7205 7096 7979 2966 5726 1131 6994 8322 9203 3813 9529 2416 7043 3944 8362 4780 2702 3263 8 7571 7454 2162 7220 7970 2268 4963 6598
29 3636 766 6294 961 1597 2677 4495 1440 8645 9531 2924 997 9372 7300 6175 5519 9098 9587 3007 6896 6642 142 1966 4631 5870 852 1697 75 5885
29 42 4632 8026 5537 6283 1760 8957 7768 2470 2646 7610 2647 7157 2354 3461 4845 4149 1578 4742 8692 5892 4755 6986 3706 262 6377 5029 8096 7492
29 681 476 6888 3312 2304 8277 3703 679 2322 9317 9917 7863 6434 7712 7344 2527 1173 8133 3773 3916 4029 1107 7799 978 8559 480 8151 869 9577
28 4759 1247 4944 4909 7323 9590 5224 8553 22 7078 3791 3670 6367 6114 4365 1819 379 7210 9083 4301 7971 2356 1857 197 573 9064 8978 411
28 3423 6671 188 8356 3620 9258 7028 1299 1810 1219 6918 9412 5162 9381 2982 2326 6851 9262 1286 1649 364 269 7019 8779 2731 4872 6633 9782
28 6845 7545 4996 3867 9263 5102 784 185 8389 9376 8652 4019 55 6757 2220 2193 6204 2899 4860 8817 7874 5933 8853 5582 6059 4517 9767 5044
29 3153 9031 9820 1100 462 1575 91 8649 5496 3675 9842 3955 3310 5330 1458 5373 6170 3884 5458 1901 7599 9306 9637 6011 7542 5559 2594 9343 647
28 1769 4801 9591 5881 1220 6912 675 1222 4325 6860 1683 4374 3685 7077 8338 7200 1616 5989 4763 761 2035 3526 6489 3842 5864 2706 8585 1106
29 4616 7030 8227 5171 1380 3347 7637 8718 4341 1007 7847 8815 4456 5848 4829 2372 9197 9465 9929 1379 7269 9086 1372 8685 2627 4698 6235 5690 4347
28 6933 1466 6640 7752 9428 3292 6710 3647 7916 3254 9562 2426 2878 1721 5135 7033 4492 3376 646 179 6401 3676 6619 4105 3354 3311 6821 3876
28 1808 2198 1437 5377 4151 7176 6703 7379 6944 734 3379 4519 8899 1929 3801 5752 9419 2047 5043 5111 1463 7469 4624 9025 7788 2444 7362 7153
28 4960 1938 9417 6928 6382 7957 7286 5457 252 6572 2513 384 394 8020 4420 9344 3213 8758 1252 8767 1775 1663 5873 3157 8100 8582 836 224
28 5588 9340 7042 2459 2350 2126 3346 2908 9044 4370 1647 3606 1618 8248 920 7778 4623 8158 6792 3789 6913 2503 2987 9342 2275 7261 5050 3540
29 3384 3496 9361 6925 9627 5714 4313 4395 3429 576 8215 7706 7958 2973 9902 8688 955 1502 7093 4429 7686 5250 2437 5560 6828 891 6947 8799 7264
29 1577 9688 5608 8919 9076 706 7488 3556 5223 2835 360 301 8035 580 8329 4335 6861 6725 6939 9230 2861 2764 4362 6631 3663 5054 9100 9431 7577
29 9988 4796 5209 3149 663 4082 3348 5784 8274 1089 3229 872 3849 9792 5191 9668 5730 471 5733 4770 4102 9859 9620 9924 399 2881 3970 4747 7502
28 7662 698 2649 6509 2841 167 2622 5138 2961 8182 3797 7188 2780 9287 7493 96 9119 222 8491 5103 154 4816 4319 948 1981 166 8583 2783
28 4398 7613 6959 9732 9984 7177 2608 8249 5159 8211 8318 4914 8455 6749 7114 3067 9011 6628 8868 8703 5745 7254 9661 6335 1958 6901 6332 4708
28 2368 3075 7395 874 4415 7842 8968 8577 6186 5838 1688 1908 7404 6182 9177 5540 1840 8587 7079 9239 1534 1232 6751 4608 4936 3274 7729 7806
28 8725 9498 702 4436 1558 6125 343 499 7748 8993 5793 4375 4215 8436 4448 6448 5199 9471 8233 967 7446 7391 9652 4108 6503 4274 7654 8631
28 5832 8504 9336 4937 5910 1681 6341 5157 9853 4263 1861 1548 2124 7884 4226 7044 8028 4706 9345 104 9519 8888 6273 8510 9679 5950 3697 4712
29 2921 4469 2365 6258 1631 15 8178 2748 2489 925 9526 3548 2900 1467 9060 9712 4700 3046 1265 5444 767 8157 5300 2638 2559 7156 5372 3375 6216
29 2849 8383 1468 2512 1758 9391 5670 4358 8349 7097 8258 2643 529 5833 6741 5378 418 1906 8186 3566 5165 8428 1331 826 8219 3092 2143 8268 5723
29 138 9440 8654 8717 7976 8439 9504 9571 3711 8588 7614 6672 2080 1103 1451 982 2387 354 4389 7826 4211 7113 8427 3438 2709 8941 6542 8887 5666
28 5482 553 7251 6402 5680 2036 2439 5315 9327 4864 3078 7983 8734 7288 1706 6362 3650 7410 8643 748 1513 770 1318 2177 6688 8061 4714 2678
29 3448 6543 3656 9130 1398 678 1521 7561 141 9436 4856 7387 8824 4288 8901 3525 8720 4453 1563 5335 1334 712 3586 889 5795 4954 7593 1946 1627
29 5604 7382 4481 667 9129 6746 9407 9585 3182 3683 8617 7432 5803 7739 9796 5299 449 1623 6394 672 8361 7250 4848 1017 2257 3734 2441 977 3634
28 9435 4671 8565 3099 3992 4030 771 5376 9415 4158 5119 8191 3356 4160 1774 9616 1536 8119 7447 9783 458 2471 3498 6209 1378 6068 5418 1397
29 5254 4397 3533 2777 3557 6485 970 7872 9084 9499 2629 1585 6386 3010 4371 8190 3204 3193 8459 1273 707 7263 898 5665 7617 4380 2895 2016 3116
28 3968 3782 5206 5298 3291 5478 7605 996 8476 4520 1622 8967 2699 3730 3477 7757 2419 884 9701 8825 6608 1827 1912 2927 2211 6798 6639 1367
29 1386 626 5213 9755 9966 3283 7598 6295 550 110 9690 545 8426 1046 305 9823 904 5640 535 1850 7814 7920 2612 9766 6308 7789 9650 9192 8909
28 7735 4338 5077 7219 5258 785 4069 513 6547 3069 5533 6976 4147 7612 9996 7515 903 6712 6958 279 410 757 4613 4297 3988 6203 7631 6730
28 3709 2830 6595 6889 9735 4933 9537 117 9619 6584 3336 1557 1796 3806 99 1598 9295 4812 500 7582 3342 1072 1586 37 1281 8164 5042 9643
29 1788 286 4067 2195 2752 3238 8564 1898 36 1883 3742 6813 5080 5817 5104 2187 52 1702 7333 4142 3509 622 2374 814 634 2501 950 2213 9700
29 835 6557 336 5115 4910 4636 3573 9622 7405 974 4533 1003 6719 9694 4813 2508 9103 1640 1710 763 4073 9682 8556 3450 2866 4600 9383 2249 9784
29 691 9243 2005 5112 3412 7721 8050 1245 9149 6666 9545 7267 2076 7308 5842 7385 4033 1 3973 7956 4982 9449 3022 2751 7705 9613 5543 1551 124
28 4760 1415 6765 477 9079 6113 3881 7110 6793 9308 5951 4882 5108 6601 6398 5270 2653 8843 9928 4846 2773 206 8045 2250 1765 6637 3467 4923
29 2234 8561 1021 3598 6869 1257 1344 7393 2403 8877 2867 4284 2066 8938 382 7271 1571 744 5931 5920 7565 9574 897 1337 2537 7002 6240 7315 7417
28 2672 4634 5503 7698 1241 9719 164 8256 5301 5012 2055 5983 2017 6063 48 6539 4610 5272 8054 4863 9102 5576 8706 8084 8695 5161 5779 511
29 6950 773 6729 2252 653 73 690 4083 1797 4792 648 686 1960 7740 9763 1488 2341 3088 4924 1394 7497 5089 1731 5408 79 9863 7004 6561 9138
28 4935 929 1704 2482 82 504 1593 2450 6160 8013 4921 6510 8722 6945 557 6072 6078 4054 4475 9142 6019 6109 3224 1277 7518 2999 5717 6663
28 6096 6257 3630 8797 4152 3186 1547 3486 9554 9733 7473 6552 8604 1701 1838 4373 8837 4541 1523 7959 7137 6391 2483 7868 6660 31 1105 5208
29 8220 2163 554 9685 5400 357 232 4454 2562 615 6263 1867 4658 2859 6399 6743 7591 4143 9779 5929 1200 7827 9503 1583 3936 3958 1150 7134 2388
29 934 5801 3361 6936 2664 8418 8257 6359 2027 1290 1000 39 3127 918 9256 5565 7206 1652 1624 1757 1984 9313 316 4584 2571 2008 2969 7886 2338
28 9282 8207 726 9699 5226 8693 5901 4524 2247 6523 5192 5699 5118 430 1885 8490 3605 6962 2420 2580 1065 3572 8169 6782 4666 2904 1550 9204
28 654 2517 7871 170 6374 6966 8754 4134 4889 6097 4293 2502 7596 6406 7491 9390 2462 444 9901 176 6070 9610 6848 9886 5344 8953 9847 7775
29 7427 8698 8080 5942 2479 3680 1093 2679 6750 4888 3608 822 1489 6809 1892 8882 5394 5825 7003 3395 6641 765 7486 1594 6932 8225 4556 5470 6576
29 445 8394 3772 8949 2135 4156 2569 134 106 1269 7305 3431 3314 6082 7924 758 4125 2327 1741 8419 8612 6733 9063 6325 5196 1022 6955 2623 4171
28 3516 2765 6046 2599 8699 8884 3205 3934 3905 2788 3166 3825 4132 8038 1494 7265 9810 8866 1471 7070 727 5544 5624 4039 251 3717 4585 2587
28 6428 9360 498 5534 4400 309 5126 1770 3100 2722 5597 1742 9311 7321 7363 733 4555 1789 524 807 4216 3673 5657 7583 8994 7435 9829 4097
29 6613 5383 8073 9930 1080 375 1243 3528 194 465 1435 1329 4266 9135 3894 8926 4693 1224 5636 4778 562 3087 195 3163 6818 7319 7934 5851 5823
28 9145 8246 4259 9592 2051 2912 6634 4950 8377 4483 7536 9092 1320 8334 7058 2300 6530 9709 8429 8161 6107 8521 5286 8576 4061 2572 1184 341
29 2652 2583 7397 4650 5333 4304 184 2313 9338 2303 4140 8294 5691 6721 7882 7853 1469 303 6678 6285 2688 8456 2824 1580 8409 2959 3901 4965 4188
28 558 862 5069 3903 9123 7773 971 402 8914 1317 1092 7824 5847 5782 6696 367 7630 5806 5038 1116 1814 3626 4426 2109 621 7553 1739 5227
29 9180 3562 8134 1560 8193 4104 2840 1944 4004 257 8878 2153 2539 5840 178 4277 8200 5495 759 2997 3809 5814 9608 3208 2862 8830 9731 6810 7690
28 9211 4447 5984 3339 9268 8701 5499 9380 4545 1692 9067 5584 8844 568 5346 7053 2798 263 2227 4879 7530 4000 9201 4927 6833 8891 3202 6173
29 2209 1824 8125 1670 2352 5360 682 3001 5887 6690 878 5550 781 1761 2615 30 8529 4244 8444 347 890 1699 9514 2294 6013 8750 1851 4037 6164
29 4071 9692 1040 9606 6815 4677 9223 4377 8638 7580 3144 9029 5352 3629 32 6624 9297 3327 1246 4649 6514 2074 8763 6713 5261 396 9444 5930 4915
28 8595 7179 3302 4957 4529 4655 33 9975 5176 9919 5412 2946 6378 2589 7130 3978 7437 7585 7635 7403 4939 5143 9691 5091 3938 448 953 8351
28 9284 3452 314 3005 1745 4739 6267 3243 4190 9870 6138 5000 2520 1544 5426 8780 7622 1156 3638 3690 6071 7892 9569 9572 2718 3168 2985 9914
28 9054 8440 256 8400 5117 6520 3917 7840 6236 1307 9973 5647 3705 863 7310 3470 9560 8461 4894 776 1090 3725 5558 5660 2054 9071 9697 1185
29 2098 280 2263 8464 4560 5313 1414 1302 468 4785 2062 7009 322 3011 5015 9609 1341 6443 7495 6043 6108 1019 8836 4741 9285 7677 340 447 3708
29 9832 5160 5149 2472 9120 4867 4093 2644 2266 3908 8147 4153 4100 9233 5727 6462 1848 1845 3718 6140 9715 5221 6139 2427 253 4998 6189 496 7887
29 2038 6319 4390 7384 4476 1913 2138 9437 4017 1602 8862 3058 4612 4583 6483 7075 9794 8425 6054 148 4206 139 3578 8527 2712 1655 120 6121 6202
29 3155 8983 7475 2037 4386 158 7538 6686 8076 4579 1899 2120 8591 6457 8871 958 8599 3293 7141 591 4928 1953 2566 5515 1626 9041 5635 7063 4678
29 3922 7642 2557 7969 3707 4018 8281 9395 4465 5343 21 7531 4906 4045 6208 5695 4843 2113 3714 6571 3658 2443 2079 5571 5549 5926 8353 3386 6090
28 7678 5030 417 2736 3455 2519 3722 1322 8687 2919 5429 2050 799 3065 9326 5943 6223 1346 3569 342 9938 7913 6583 9069 218 3607 3957 2134
28 3875 1424 915 1590 8751 9761 6566 2499 8458 6364 6705 9857 8482 2984 2683 802 6884 3231 7225 2127 7940 3133 5341 3996 9134 7900 4058 9404
29 152 4107 7439 3064 3518 2166 3091 9753 987 6872 972 5442 5579 5909 5581 5485 8707 6965 3433 8403 1284 9605 4265 8747 1947 5507 3279 9873 7722
28 9925 3210 854 8890 6973 5308 4278 2762 5861 4638 7243 521 8536 5367 1392 3897 8498 9405 2362 1992 8212 1274 5039 6324 8845 9099 1211 6680
29 6424 8090 4238 4803 4622 4252 147 6979 980 4432 5601 4168 8989 7549 3646 998 4496 985 5841 9946 1157 7092 7073 9667 5882 3328 3038 1990 6014
29 3425 6597 4994 3462 3953 7625 5682 5218 3803 2175 8655 644 2044 4601 4213 5356 635 4191 4499 5630 1476 2377 6420 1108 8218 2716 8317 5204 6413
28 8057 2414 1746 191 2048 1659 8532 3430 9006 5403 5035 9072 9370 6892 559 3343 9276 4654 6058 4826 6023 8252 5225 1454 1800 6397 7861 7534
29 2223 1691 9200 5128 1855 2746 456 8897 4577 2280 546 8296 7701 5993 7199 7795 8087 7829 1823 1729 4920 2102 3994 3478 9947 7938 8402 1738 1363
29 8551 3209 1348 9039 5829 8714 5166 9599 685 3212 9281 9821 334 924 7953 3662 5242 9776 5468 9226 9663 988 5445 4993 1266 9710 7837 4014 5738
28 2711 3551 4757 8745 3268 5724 4096 8572 2574 8912 1349 6318 683 3317 8796 7018 3013 2690 6775 4876 5623 4744 7224 2434 4337 4827 2349 7841
28 8995 4581 4773 2384 3582 6681 320 541 1895 597 8628 6927 3686 4423 2761 9598 9674 9998 7510 1087 7255 1501 9680 6 4877 9463 5712 7655
29 1566 6956 8952 8327 3907 949 8970 2738 7597 7268 9720 1389 5766 376 8787 66 618 6877 7040 8524 6081 5437 2784 7713 6784 9045 6442 1954 9932
29 395 1492 1816 7648 1600 6211 745 0 5278 8974 7767 3817 5137 6026 337 8355 5040 2806 772 348 944 9048 732 7647 5275 5548 1136 7996 9418
28 9714 2864 8170 1037 8074 4628 813 7369 5369 363 5055 1723 8448 2004 4855 9325 649 9981 72 6949 8570 7274 6911 1237 7770 6972 4268 966
29 8078 9742 6093 6482 9073 4355 3667 3420 1064 4691 391 3191 9750 861 522 4112 6079 8313 6759 4972 3935 1202 8104 4468 3909 5787 2119 6480 4361
29 5455 377 1896 61 1124 8766 1854 1340 4724 1871 6893 7400 609 8775 1358 4902 6758 9070 8921 8138 7198 1129 3838 9291 4459 1943 9388 2809 2436
29 1711 1364 2874 6155 2747 5542 9864 3520 9994 313 7336 292 5411 3449 831 7126 131 4261 608 3000 1945 1989 9335 4884 9353 9774 1255 8715 1637
29 306 6425 3471 422 2323 238 216 4734 8000 6412 4898 54 1303 7005 2424 1664 407 7217 7133 7366 1077 6158 1328 5812 9148 9422 6498 9556 6207
29 8854 4949 7529 3618 6790 8072 6859 6274 8642 8330 2891 5292 9300 7809 9217 6451 335 756 4016 9644 8059 7182 5709 9170 9962 6153 5481 9969 582
29 2452 3076 271 4099 4777 5883 9394 9892 3185 8309 7209 5404 7340 9448 2939 2581 9047 6343 2988 9401 1987 9374 8902 149 2942 8487 8589 8683 9770
29 3042 2795 7173 9128 9772 4983 5079 9648 6535 7462 1526 584 1972 1870 9935 8908 2568 9653 6083 7372 6144 4620 5381 2991 6327 5276 6883 9882 6441
29 6891 3288 128 6363 5436 1441 466 6971 3158 9883 6609 3146 3360 5122 3983 5214 5541 1763 3142 9512 4225 6194 267 1869 1279 9476 8574 3829 4300
28 2150 1060 1339 7929 837 2394 5683 3669 5739 2960 8944 6354 6585 9081 2540 2475 8614 2379 2259 2696 945 9377 8243 714 1815 1446 8070 8964
29 5465 6683 548 8875 3524 4567 7464 1420 1354 7455 4544 8976 3879 198 6706 4113 4656 8626 1806 4513 921 9369 614 9523 6136 8376 9786 1268 6422
28 2182 2698 1768 2971 9636 2137 3090 6215 3544 8206 7472 7939 2397 6272 157 234 8242 5567 6127 7051 3966 5922 823 7618 6577 7731 145 8629
28 8044 5703 8286 9219 1890 6753 6500 8239 8581 8122 9035 1747 5428 4617 3180 1783 9140 8041 1955 7646 6886 1514 4912 9878 41 5678 5591 5392
29 6340 6785 9756 6475 9956 215 4221 5596 3156 3865 5659 5327 5834 6996 9547 6119 6977 6315 4357 6247 2196 9318 6909 9221 7280 1615 3101 2528 819
29 6056 3581 3693 8829 2965 795 4627 6747 8004 5687 1749 3434 8821 3923 2546 8283 2466 2660 3615 6788 1569 3002 4979 1374 6415 2329 6320 3555 3517
28 586 9718 6610 6935 2430 8421 7408 9172 437 3565 6989 2020 9179 3251 3028 6841 2972 6512 9528 1296 4626 5518 6281 9082 6916 5747 5845 9838
28 1641 9887 7494 3172 2914 1985 2129 9350 425 5822 525 6582 9278 6345 5075 917 6802 2181 8495 7506 7434 3591 3066 7125 7413 8060 7008 3080
29 2417 1038 1807 2012 5968 4248 4597 4566 4589 1248 8153 9983 8661 6337 9091 6698 5539 7181 875 847 1528 5025 2392 7601 2844 1288 1350 9109 4087
29 6603 8653 3833 5545 6556 1604 4703 2744 6562 2061 8391 6674 4379 6298 3175 2872 6953 5957 1480 4606 5902 9399 5088 4255 1957 4291 1891 4419 3227
29 4141 4501 2916 8130 931 1515 4486 8263 5802 6630 1096 6191 4402 7620 8621 274 3927 2488 9867 742 8473 3270 4324 7551 196 4352 5897 537 9741
28 4473 3991 1491 6003 5148 4817 2868 4478 8398 1679 4497 1206 6178 339 5006 6321 14 8684 6839 9199 2958 9849 8739 6086 4479 5285 3931 7460
29 9413 9213 8969 7481 2578 7603 6826 7347 4079 5100 1218 2651 2390 2014 4637 1535 5924 2133 9730 5697 7797 6047 8433 1716 2398 287 4516 3857 8311
28 3353 2351 68 2876 4046 6767 9955 3854 720 1132 7131 2255 331 2500 965 5095 7236 324 8367 6558 3964 5172 5358 3995 7738 2848 6722 9837
28 4466 3665 8934 2755 2239 5 7327 1151 3678 6708 2522 9964 1962 4218 4779 369 9513 255 2453 7710 5893 3613 459 1790 7411 5667 2371 1399
28 7643 3704 9460 7351 291 2279 7777 9533 1802 4388 4679 9110 8801 6429 9299 1068 3641 5899 923 8856 7303 4075 607 1874 1428 624 8774 3808
28 7584 4049 1734 4870 6718 768 941 9184 4385 9254 5059 9780 3290 3003 5072 7102 2224 6009 5655 3915 9638 6290 8716 9124 3993 6673 3138 4111
28 4115 7760 736 8624 229 3275 7022 4282 1620 8289 2547 4844 1933 6941 4918 8288 7834 716 5246 5431 5866 6370 6694 3946 9900 9894 5948 1099
29 9543 1312 5529 6756 7579 2085 5522 8741 74 9889 9976 2948 4092 2977 1461 4139 2256 5464 6734 6314 5264 9331 5140 4510 7810 8792 4354 5410 3748
29 7782 3632 1924 7636 3367 7381 7891 7751 1759 4396 8253 778 3094 1483 3942 6220 7159 6649 3162 9801 5743 7895 4267 4664 8935 3653 4592 1315 1177
28 156 7781 5846 9408 4834 1994 9565 9898 8728 4095 4822 6224 8507 7623 6772 8031 2714 4103 8113 97 6196 3307 6771 9034 5110 9023 7371 1235
29 7833 2202 4170 9669 2930 1923 8012 6389 4194 3785 1082 9728 8332 6471 6006 4148 6111 1973 5060 9985 7547 4342 9193 1686 8533 1486 8928 9982 7010
29 6812 6770 5492 1862 5244 1260 8320 8673 2525 5502 8369 3273 8337 1188 5132 4819 2245 5672 8839 7685 9840 2579 8965 2618 2691 1820 1540 6088 6148
29 4753 9594 8657 5134 1863 2775 7406 1433 689 5763 5420 67 116 3269 6426 4280 3837 5081 6695 9532 4041 8359 2545 8810 7192 9003 2481 946 9895
29 6392 5326 9951 9352 1554 5945 964 9943 902 5142 3402 6648 9739 4602 6414 6075 1828 3596 7023 976 1703 317 5120 3559 1509 3979 5774 8479 5065
29 1434 3860 1113 5815 432 5867 7065 1174 9240 8904 1852 4515 115 9389 153 2278 112 8804 9641 1400 4854 8430 1718 3351 3859 6755 5002 3334 8194
29 5266 352 1805 9459 5483 8966 5022 6212 261 7374 3228 7766 8659 9367 844 6432 5627 6850 3852 7098 9265 217 932 5728 2393 3652 2099 8470 7272
28 2378 8085 8513 4279 8053 5868 6299 6446 6436 2843 59 9332 5852 6486 838 6453 4740 6938 8230 454 7716 366 7987 9557 6717 1010 4512 764
28 5354 7175 328 7253 1448 5610 6519 3079 5090 7835 2735 9793 8666 6174 4598 6653 7081 803 7127 5891 155 2669 2883 4222 3930 12 7805 5836
28 3249 4701 9251 1700 9790 4530 8201 7960 3167 6256 3330 8943 1172 8115 3061 6594 5642 4847 7963 1510 3032 6066 2729 7524 516 3057 6974 6806
29 3016 8546 5952 9797 3396 6280 930 5639 2983 5976 7284 8769 4599 2675 5114 6611 6905 4305 8563 8800 5203 29 6799 485 4020 5092 7533 7774 1648
29 3590 3929 9584 5675 8083 629 7239 1368 190 3086 5509 6999 3454 1642 4851 9312 5590 5755 2700 5977 4558 4173 2865 7287 8068 4237 3218 3285 5033
29 701 6001 3051 7982 2353 3318 4323 9315 4885 7419 5578 933 1948 7696 1308 6786 3869 912 1190 1733 6219 6805 3447 5686 9253 453 788 1864 7796
29 1999 688 5476 6493 9974 3332 1238 80 1603 2001 7950 1754 9249 8137 2666 9830 2111 8333 4498 7573 5094 8136 4036 4320 5633 3148 9349 7936 63
29 2586 3832 2152 8906 4976 397 7719 5506 7927 3105 83 2887 4696 1144 9923 2015 461 1073 3621 4508 8405 9479 5792 1347 6002 4841 4962 2901 4184
28 4967 1831 4568 2963 9640 8526 7359 9762 5253 4736 7032 5106 7941 3771 1146 7184 1918 887 8608 9171 5421 8075 9004 3081 7121 4981 5432 9255
28 1753 1359 9236 1772 3164 4718 7203 2433 7869 1872 5781 9089 527 9458 2006 4614 8139 481 9676 3012 2733 7311 8929 3112 4973 9904 3868 7165
28 3216 1539 7793 7331 780 5416 4722 6393 9990 4931 8511 9908 5905 2463 7146 5746 9264 2407 6827 19 9114 8719 10 3752 3649 9293 4461 7718
29 3815 7216 7421 3694 2570 8651 6658 3427 9954 5384 4204 868 1988 3382 7298 1713 2889 8519 4086 4781 8301 9684 7480 4721 5711 6028 9615 6942 5707
29 9601 2146 4060 3383 1465 2201 6731 4048 4799 5074 7776 5083 916 3981 5718 8610 830 4865 2029 3967 2002 1455 2655 3841 5907 491 9918 5240 2497
28 3873 4066 2330 8118 404 1236 4298 5759 1707 135 5474 4657 4295 7509 1094 9196 4164 5150 1625 2871 329 8962 9813 5819 6943 3308 7854 1508
28 9106 6330 3878 5669 4966 9678 3479 4185 670 9270 7761 5249 2019 2743 700 8860 7546 6689 8016 8208 2750 6855 2553 1878 2422 2703 3074 9354
28 493 1512 5041 4769 6748 5783 606 9078 2846 5407 9420 4316 4835 7860 2730 8295 8221 7353 6307 853 8173 3469 3712 4407 1361 4224 7123 7021
29 4322 7313 4989 5031 1325 593 6616 9310 3654 8238 8988 8214 4892 1321 1636 5956 2740 1351 2307 9965 3597 1018 5155 6022 8081 8658 4540 845 3818
28 5260 4574 5794 8778 3009 6657 956 2136 1777 4929 3892 9051 4428 345 5220 3886 8996 1781 4162 7825 4198 7659 5184 2778 9112 5650 371 2804
29 3183 2156 8678 5247 6983 5990 1412 8831 8460 431 5350 6997 6849 4578 7702 6644 7750 5884 7041 4285 9843 5710 6702 374 1543 2308 4881 283 849
28 8858 3503 9506 8841 3696 304 7513 6538 3341 5121 4684 6862 4667 412 5962 6282 494 2792 8420 9693 6349 1658 4463 3237 2819 2516 3008 8360
28 7883 1035 810 8431 2395 3122 3949 4452 7660 2832 5329 5998 1698 9464 922 4424 650 7425 5463 7507 6831 7600 5234 7354 6356 5398 7839 5681
29 4189 6791 6664 7744 3405 289 1373 1784 1012 2243 4443 4383 7990 673 2151 7307 6376 7733 6120 3372 6165 9373 9301 7505 3214 3355 3719 6246 2107
29 3233 7566 4766 3746 9095 4181 1639 4015 1326 3989 718 2178 9651 9010 4312 4328 1977 9426 8997 8795 8930 1362 5243 3426 4688 587 2493 8114 2084
28 1048 7229 3972 3260 3323 9097 4137 2337 8876 6276 3637 798 3174 4748 604 5827 8534 3960 4618 7640 9341 4569 9819 3948 7604 8484 5365 2504
29 6781 724 6497 3921 2343 6255 8727 6036 2207 5235 8894 6574 9906 7588 7557 8051 7221 3419 8304 2898 9234 8014 8160 2454 9579 2902 9018 1653 1793
29 9488 7794 4507 8872 1210 7485 7691 6615 4174 1849 4201 7906 8691 5265 947 6439 4570 3359 9758 549 1722 6243 1005 2285 2962 9244 3985 2217 4964
28 78 2191 523 5387 8282 6444 703 1004 2477 9220 2725 8413 5200 3377 8140 7238 3928 247 3244 9897 3874 9379 7490 2491 5459 1601 9094 2494
28 3592 5583 8027 4896 817 6005 7526 9939 2233 1193 3055 1589 7877 3368 2342 9617 5205 1231 5139 2449 8021 2199 4155 6478 6366 497 5960 7559
28 9155 750 9747 108 4 5423 3114 8920 8848 1519 4945 5694 8861 6993 4551 713 3961 8116 1803 5087 5979 7862 2978 3098 415 8416 6094 7348
29 8103 8724 9635 7724 6313 919 3019 4273 4003 4559 532 2184 6612 7104 1517 6998 386 5631 2662 1356 797 7818 50 4790 7396 3840 2075 4135 2288
28 1579 8152 544 8833 4123 6580 4076 9362 8235 789 5906 4136 5281 6684 8601 7172 6334 5389 6691 6383 401 5663 11 2376 2776 2907 7903 2530
28 7426 8644 5889 1499 1250 81 1009 7278 1081 9818 7522 9979 1126 5306 1413 6968 6106 588 2246 8822 3843 146 4409 5101 1119 240 7926 4685
29 7851 5645 7235 3385 9454 979 4903 5303 9848 7291 7816 1395 6025 2811 1135 8982 2292 8396 1338 5362 469 708 7055 1209 6490 5937 4422 6647 7207
29 7138 9447 9913 2469 8530 5020 4730 8001 848 5028 4857 359 6882 5664 8254 5577 4800 4609 7832 4159 1026 723 5765 6053 5466 4913 3083 9410 6511
28 993 436 665 4327 6278 738 1095 2591 3465 1301 168 4290 2148 1056 2800 4727 6306 5692 1656 2742 7819 5992 9508 2302 2104 3041 3366 4364
29 5876 7511 288 5516 9754 6242 8746 4969 1549 2892 5749 7282 239 603 9334 2237 1376 226 9511 8705 5607 8738 8308 983 6169 7223 1559 3642 1154
28 4852 2648 7984 5345 6563 3755 7149 4692 3715 5277 1431 5963 8752 7025 1726 5731 3576 4946 2128 4991 3750 9468 695 2046 9705 9505 7470 1868
28 5262 3482 4808 3519 9384 221 1674 4350 927 1259 9835 5124 9187 9008 8135 2979 2312 2087 9922 7067 1324 3358 8188 9020 7154 3796 3530 4594
29 6885 7704 2241 6635 3898 3049 1592 939 9425 6329 5904 1889 5063 1261 270 9570 6991 4321 4595 3792 1357 6342 9536 9881 7711 9723 7294 1665 9346
28 3039 6488 9568 3866 2212 9462 4948 9393 1767 1304 6357 3453 7056 4161 5972 4072 1876 3571 9266 7325 5858 5735 9036 3527 7991 7858 4586 8443
28 1959 9248 281 9052 6275 4009 5706 6419 7629 8477 8055 7672 225 3502 8807 5982 3418 7273 2839 6777 8397 3655 2796 1714 7164 860 7850 9802
29 5014 9727 3128 3951 3764 6292 7361 4642 1477 1020 392 6586 8665 8384 5048 815 2130 7932 9749 6555 8048 3053 8905 1786 8712 8244 5317 4690 7162
28 6130 3181 8903 1417 2293 2401 1198 9936 5105 2274 7037 1709 5689 2577 2970 3674 3499 302 8827 3761 2240 2476 8922 7074 8567 9778 1345 8167
29 2584 4260 1712 9884 6000 9777 6411 8620 8528 358 8213 8350 709 3700 1963 95 6396 6760 6900 3751 959 4810 7445 1997 192 1369 8771 9799 7527
29 2922 7918 9202 7335 2253 3267 489 5353 1725 8700 7484 3490 2825 6129 3828 7171 3799 6494 8303 4670 8600 9205 3154 7644 8782 2911 2850 5644 7326
29 2851 7047 5756 6168 4697 791 8006 3513 177 1118 4732 9704 5874 3812 5067 2315 4838 5056 3880 9566 6031 7017 4403 2065 7616 9828 6650 9558 6479
28 3190 4980 6151 8052 9806 8697 6007 6369 6550 9093 3986 4440 1405 6701 2114 6166 2110 2492 2271 8869 4333 8209 7619 1479 9576 9765 6776 4339
29 2870 957 5771 1140 2506 8162 2301 3480 2194 1242 4726 353 4212 5820 1504 1122 9999 241 842 1426 1008 2875 876 2732 6832 2345 7852 9296 85
29 526 5049 3316 2169 7707 2555 7117 2331 9781 7709 4833 9502 140 3807 2056 1496 633 6940 1366 7780 7302 4283 7902 8192 1227 3962 9438 4635 3767
29 2440 9443 1067 1036 9416 1907 6427 5170 6218 4110 3362 3392 2877 1091 5379 9424 8975 4645 5498 5625 4709 6316 186 7517 547 882 5844 5007 4329
28 8267 5613 9942 7309 3177 443 908 8463 8793 2624 3315 1444 2389 2092 5477 2757 2697 3552 6195 5194 3965 4462 1112 818 9759 5215 561 8879
29 3256 1387 8177 7864 9515 1740 4942 2745 1485 2286 3794 8832 237 2082 3271 8713 5248 3085 8271 3428 6803 8163 3947 4593 1629 321 9573 7908 7652
29 3060 9561 5965 3932 2756 3050 8634 150 8874 1792 5322 4582 564 7290 9355 7681 8999 4035 1591 8457 6662 1859 9789 4705 486 378 8986 7907 2659
28 9049 6668 9695 9632 2860 3757 6262 1194 4044 6740 9056 1002 1044 4382 1482 7893 2432 613 8674 6270 136 8923 6981 4907 7289 8660 3664 7178
29 5919 1568 5934 9522 7798 2768 3541 6522 2161 4334 9593 3507 2705 858 3747 9283 7758 325 7027 829 6297 786 5785 9277 5386 9320 4956 6133 5255
29 2717 2496 9470 2042 3612 53 6437 2687 6162 8025 5068 560 2818 2682 5716 7378 4051 9596 8107 5338 9298 242 9657 113 5569 7968 3349 7947 7688
29 3831 9890 5136 9933 7084 9302 5619 250 2541 6385 2011 6454 5869 9279 6418 9673 6617 5614 5212 6333 9319 6679 1497 2072 4984 6041 7801 1651 5193
29 3660 8472 2954 2769 5460 4250 2258 8737 5146 8040 7036 3407 5890 2235 3220 6545 9683 7570 355 1075 2081 8748 6926 3459 3940 951 2925 6835 1289
28 7318 9445 1066 9891 5999 9915 6866 6409 200 1897 1423 2116 5282 9455 7831 9214 2564 3125 2941 260 9639 3338 3577 3848 1287 2448 8062 1690
29 1965 9589 1365 747 2614 7144 2346 662 2917 4527 3863 7873 9490 6735 2617 3677 9630 3325 7083 9269 7444 1843 2597 3727 2478 7214 3589 5551 6091
29 9168 3025 534 6961 7295 8266 385 7915 6277 3545 8917 2052 7443 1847 8560 2324 4129 1910 7168 1164 6372 118 8742 9978 9698 2737 3072 8898 8696
29 7937 5557 7031 2396 9150 4286 7375 5053 739 5704 2100 8562 5661 3622 5504 6565 505 2174 244 3140 2455 6089 6917 442 3239 1385 824 503 9527
29 4904 2381 2554 5461 1429 7728 2710 6205 8251 1980 4262 6310 6213 8345 1401 4027 9525 180 2625 9846 8806 7567 7714 1375 6745 65 3404 6656 470
28 13 1893 34 540 4186 1588 7087 3558 3192 6344 7955 2412 1085 1097 1063 3599 8497 762 3408 2473 4308 9206 9945 859 2938 6654 1295 4875
28 7995 9157 1407 1756 8820 5307 5857 7227 1839 2802 4243 8347 855 5073 1719 2125 4470 1780 9017 1335 1388 9013 3688 7595 6222 5032 3161 3872
28 962 4494 8850 3044 9139 4192 9229 3040 5312 7765 995 9087 4952 3543 5606 3458 2631 2173 4056 488 4022 9225 5380 2405 8708 556 7997 6969
28 3491 8579 6265 4442 1178 5066 2782 9406 9986 290 8760 5279 1319 4425 539 4883 1511 6050 2684 5047 9275 2588 5305 2884 4646 3668 696 5877
29 4523 482 3575 659 4144 294 2642 1258 6874 7784 6188 7802 3124 6253 4167 4340 6726 1195 2521 5288 6118 6774 8323 8770 8749 9113 2807 9995 6632
28 8450 7720 6992 1205 7890 7679 9121 7489 87 472 4178 4435 1371 4986 5152 3344 9427 299 2026 4786 6529 2619 349 8811 2567 2834 4502 2956
28 4172 2996 9957 4217 5713 7607 1996 7054 1657 6795 4818 9871 7312 6665 8675 5652 1567 8217 2112 6549 3115 9486 8633 7376 8515 8916 8187 3529
28 7245 9791 8851 3126 4249 2218 4183 6744 8036 1532 4460 7108 1214 6780 2165 6226 2219 4534 2131 3365 6700 885 9631 1538 616 5729 9188 8265
29 8786 6347 3911 2933 338 6016 5368 3587 530 1555 7407 3563 5611 6811 7088 9290 1537 507 6476 1201 8181 6254 18 9022 2626 8228 7474 9481 2451
28 3387 27 5245 5129 873 8500 43 3625 6163 6037 1493 3553 5830 2534 57 361 7218 4118 3473 5099 5363 6467 9977 4961 6704 8305 6029 7422
29 1179 3756 2785 3278 7650 3536 6766 7240 4521 6296 7743 8931 3795 125 475 4421 6607 2447 9611 1884 7 3689 4505 3729 1333 3451 282 2994 1445
28 9328 3169 5334 4068 6516 9489 5912 435 3234 7812 3835 7928 3834 8886 3026 4207 9893 5422 7943 6589 4220 8202 9101 4783 7730 3421 4674 5273
29 6423 23 3258 4214 6030 2024 2167 2021 2064 3388 5514 1158 2685 9845 4669 4080 1927 6124 9509 3052 201 4971 4651 5538 1396 3120 7885 7641 969
29 187 8339 89 7020 3150 4309 8798 107 2289 1370 5297 8558 2842 3393 4723 1832 56 4085 4842 3666 3097 3497 5589 2340 1682 127 2059 1773 6804
29 327 5944 4318 1822 3702 2049 6551 6309 565 2955 332 2826 6646 8814 9552 4230 7700 5628 992 6894 3093 7665 1183 8648 9912 3816 8290 2968 9958
29 1472 5535 6879 4480 5612 7845 5435 3830 8441 9274 1837 7195 7370 5451 2010 2077 4106 2975 3248 3077 2277 4729 1974 455 8018 6532 8298 3913 3952
29 9581 8299 9743 3914 8204 1715 1229 3439 6300 204 6185 3506 2548 9672 8341 7615 2206 5003 5572 4711 5620 8354 9348 5337 1449 7817 2467 4254 3595
29 4974 4392 9492 8733 3410 2144 3033 4394 841 9854 5366 7811 5828 805 8348 4434 7673 2485 5773 5469 7945 7954 7897 6293 7746 3959 2031 2879 2611
29 1717 601 4797 1860 7575 4391 5188 5296 5168 8593 4124 881 3819 1314 2369 984 1272 7881 7262 9396 5762 7169 1633 5402 7923 4811 467 4771 4331
29 577 7487 563 7191 5566 6844 7878 2410 8641 7670 2030 7830 8512 4180 6716 981 3939 285 2118 5271 4932 9550 752 3369 44 8987 5621 3021 6065
28 2995 4246 49 8003 2141 4165 2298 4809 2142 8123 4564 258 954 9185 6544 2949 7836 4893 1291 8086 8452 284 543 2896 8516 2828 8743 4526
29 9058 4830 7695 7458 9967 2358 6779 2334 8262 7450 8889 8222 1490 877 6375 3616 4509 3113 8198 9711 8735 6536 6241 2328 6447 6513 5178 6179 4539
28 6599 1925 1751 276 7790 6464 704 9238 1888 5879 9363 4047 6018 7962 1853 7124 1088 5357 268 5641 3189 8411 3483 2990 5805 7930 5374 3006
29 4052 1942 7581 6032 879 6379 5201 6652 4247 8689 2931 9677 1695 2413 2704 6692 5880 8269 2402 463 9132 6080 6858 5158 105 4346 5257 7066 2254
29 9053 7901 4503 1139 8261 9322 9831 8488 3500 5045 5314 9127 6456 5093 3514 669 9469 1611 5186 1970 7160 5656 9948 7972 5231 617 9869 2620 5269
28 2734 8364 4878 9811 3954 2221 9540 9456 5510 5568 2068 8857 5259 9411 585 7196 6518 9553 599 2639 3017 7562 8388 8174 8247 103 6496 3188
29 9159 1187 450 9559 1059 6348 5863 9583 4229 2071 2083 1460 3020 7663 1771 1054 7803 6963 8331 9429 6004 137 7465 9524 3014 9452 4940 4625 8009
29 7914 2607 8366 3322 6150 4314 1750 2613 1098 1971 4665 2913 403 1176 512 3495 8764 4070 4604 4405 1343 1617 7658 5996 2214 9030 1484 6390 2507
29 7633 5524 7611 598 5585 6876 4514 4745 5401 3784 4163 9057 9309 3695 1856 1052 8310 5651 8156 1940 4859 5715 8852 6339 2093 6667 3522 4063 1766
29 9670 1425 552 6655 906 5671 4307 2853 8469 4055 6531 3035 6763 2903 2893 4177 4750 2663 3329 5563 5684 8408 296 787 1975 6495 9971 7399 722
29 9189 4349 8205 3333 4715 7147 6167 3170 5769 4500 6171 7753 9218 8278 8279 5648 9659 1732 326 913 7749 9108 8302 8955 4412 6008 6435 2681 5107
28 9111 5097 4088 5310 5082 4393 3847 7675 3770 4958 161 6773 5438 2576 2171 6895 2043 5154 4359 9009 5807 8635 7197 4450 5725 8959 578 2582
28 9858 8948 5973 6699 8445 1462 8285 674 4457 4306 3262 4687 9618 133 628 9852 8370 905 7373 9432 1755 4849 1782 7128 9001 2088 3381 7187
28 1408 8447 5740 8566 1421 7667 2096 2774 9491 3215 7062 7645 9007 387 4471 3672 7514 2425 7975 4899 315 3861 8789 6317 2976 9916 5736 2267
28 5370 1595 446 6092 4455 6995 6618 2950 3882 4588 8499 6693 7989 9068 6156 6629 5013 5098 8947 2676 7669 2089 25 737 1798 4518 8619 2007
29 6669 3104 6857 5153 6407 6794 1138 7356 4145 6847 1226 2897 567 4511 1905 318 2658 8414 3822 3245 4668 9259 1311 441 4360 6052 1607 825 3531
29 8407 8896 910 5696 7986 1787 1282 9107 8517 5425 6069 7068 510 6187 2837 7069 9066 1216 6957 3217 2172 7293 4336 3352 638 9991 8132 7049 7649
29 3117 1817 7015 1675 8273 1969 3804 1342 4880 1545 2590 8284 5854 8142 8378 8095 1225 5331 4023 6064 129 7451 942 6248 8043 574 3468 6587 4576
29 8033 5595 7496 2003 2186 1042 7910 1917 4630 3176 8245 4873 1034 2428 1142 4414 4438 414 8259 7821 151 7594 7857 3687 9633 7107 5489 1993 9600
29 8709 3775 7183 4824 1049 8615 8494 6057 6854 871 5592 1799 4430 6143 4276 6904 4538 440 3728 3732 9357 7266 9879 4531 749 2189 8412 362 973
28 6975 9246 416 9785 5826 171 2468 8790 3037 6800 9090 3846 2465 2404 1667 6147 3820 2321 3261 2515 6937 2461 9450 6076 4905 1015 7174 9403
29 7418 6980 2793 4535 5182 9937 8933 1932 2435 3887 5064 9247 9655 5761 1553 3888 5487 398 3539 4330 725 6801 3977 2694 3588 575 2814 5988 1199
29 8172 7337 4794 7394 7232 1264 8834 4116 4205 6675 7409 2474 5347 406 8650 6048 4094 5816 2045 6875 9775 8508 6239 7717 6360 8895 4256 265 3399
29 6440 9136 5555 2205 4050 2633 2770 3858 6312 7745 1228 6651 5395 8925 2739 3684 2821 5493 4686 3397 3624 9603 464 4746 1762 8918 8744 1503 2367
28 1109 8184 7448 7552 2906 6027 8958 3335 4640 4363 2799 4401 4410 5839 2882 2287 5790 8319 1684 1101 6934 2317 1086 6838 2264 5593 6371 2157
29 4078 7297 2890 2693 2535 3242 3300 3651 4025 5700 6033 9993 1102 1223 3096 3211 2695 5131 3414 7398 6095 7657 5016 6534 2533 1634 7764 8465 6614
28 8598 1573 5903 2715 8950 7992 8410 8022 5274 3850 4728 7345 8352 9 914 4676 4378 1632 307 3976 6458 1646 8326 6569 1728 6074 9841 7899
28 6808 5130 8781 144 2815 6481 5637 8423 6473 5023 1166 123 2316 6010 6228 9232 8667 812 2726 4441 9245 9305 4270 1834 3173 5618 8784 7820
28 7080 7855 8927 5113 7116 3266 3731 2674 7142 323 1011 7122 7072 7682 3446 6100 5741 1213 8300 9000 6131 3739 3627 2812 1404 3226 4866 1212
29 570 4922 5865 5997 6177 3716 5916 2536 8154 8723 7091 5791 2408 1029 7233 3137 3971 1336 7283 9088 579 5449 7967 4150 4615 2544 1672 6135 2149
29 8424 7186 8971 6463 5574 7865 4858 3997 6978 2132 3925 1630 4823 6878 7656 5775 183 478 9518 3445 433 7085 7512 3800 7281 5430 1027 3570 6575
29 8346 3856 8415 3324 7109 3851 393 4231 9457 7024 2028 5169 5417 189 1171 1866 5531 2333 5078 3475 3924 6477 4121 8818 2505 6184 6737 8180 6588
29 1826 9960 6062 5553 9175 9629 4788 6643 5406 4264 5530 1880 9628 3778 3441 9757 7999 3790 8056 4663 9926 4772 9602 5946 6533 9164 1313 6537 9307
28 5634 8545 8297 6234 6102 5210 8865 7866 1127 9442 9970 5309 5913 1249 3152 4549 1886 5287 3252 657 7535 520 8772 3493 9542 9586 8240 5991
28 602 4805 8523 6970 3 1239 883 5396 3745 6697 5304 1402 2314 2657 1662 7556 5295 6288 6417 6199 2605 8676 9167 9686 6867 9687 5859 2630
28 7822 8183 5898 1520 3442 684 5525 3281 5512 9260 9921 2763 3435 6176 4925 8129 7248 5236 7428 9125 4253 6592 5019 856 8002 3197 1916 202
28 9475 2086 2813 6231 9751 6822 2154 3297 5302 5523 4062 4988 5405 213 9729 3102 3574 297 7684 5164 1438 7145 9903 857 651 9535 6157 7368
29 9141 4236 330 3201 1961 2101 3272 8873 1032 3508 8089 741 2276 8149 1137 4488 9734 3824 8379 272 4536 423 7048 4287 2170 9398 2781 3422 2518
29 9151 1191 2524 4917 4195 7723 7412 5446 6470 2176 3110 5488 6948 2551 6433 9876 1383 9077 5708 1582 4007 5190 9950 754 7386 8501 1270 3504 2423
28 7148 6578 4751 2940 3295 7249 9803 4251 7316 4900 2509 7082 600 4074 5732 3250 3409 7889 7357 7634 2543 9972 8622 3424 641 9423 6626 9510
29 9321 5837 7574 7026 1390 7158 1203 3103 3802 8150 5603 4689 3241 5427 2464 5409 6384 8082 3737 3255 3999 7452 6548 2667 7521 4895 8548 6596 5517
28 2772 9446 9868 8503 273 1430 8992 365 8541 9737 1986 3603 3131 9261 3609 3401 775 8196 4911 8380 8729 7905 3257 8555 4381 8272 7921 7978
28 719 8835 7115 1275 5448 5705 3836 5772 5084 6567 4064 7059 9222 3584 3108 7909 645 2886 9626 2650 1355 8382 6661 6499 8146 5586 3062 655
28 2265 3720 3027 4006 7985 208 3225 6244 7483 3648 8224 3286 8231 9160 7112 7558 3814 7823 9706 2641 1902 5753 8127 1930 3661 5280 5953 9941
29 2600 6600 5185 1278 421 3610 2058 8111 3984 2457 8602 8623 6085 1406 8489 8168 3895 9156 9530 8496 2486 7339 1669 4850 9865 8011 3106 9015 5638
29 3123 7343 8740 5472 60 408 8381 4356 2601 4031 203 1069 7838 7388 8148 5646 2951 7808 9896 9911 6468 8881 7977 6103 1518 9474 4890 6217 5211
28 7653 8128 8710 3781 1422 2339 236 7880 1149 9289 9375 5289 9434 9736 8761 9588 8757 6110 5980 1748 2787 1208 7389 5017 3196 3406 6404 98
28 6261 7606 687 69 1197 7974 9909 4672 4444 6084 5440 1182 4376 9501 2204 8422 3129 2231 1941 5267 1561 7687 2025 5521 6181 4561 4832 3071
28 9371 159 8166 5156 6410 571 7952 5850 7392 5355 8325 2760 1128 1418 6338 3370 5484 9717 9016 3394 2222 8531 8940 7523 8637 4026 2556 2810
29 4182 6982 7329 9286 627 7086 8375 975 9808 8783 1233 6707 1934 3585 2560 1456 2216 6487 4572 3600 5961 8065 699 8606 5391 8165 2915 8395 2980
29 8980 5336 4122 1818 2573 605 8711 484 8680 2689 373 2656 2833 2944 2032 8990 2727 9534 7350 9337 162 5141 5575 5629 2269 5734 5021 3107 2103
28 5371 275 5197 1442 9190 7715 132 308 7993 3340 5547 8144 223 9824 9707 1439 5037 3594 4451 5494 6645 5824 5316 8535 1393 4590 2291 6061
28 7609 90 6819 1809 9273 1644 2391 7467 7390 2183 7875 4223 8855 6829 4743 3400 8210 4299 2723 3178 8030 4242 4908 4490 5685 1079 2634 3436
29 9888 2297 656 8120 5896 2801 8176 380 420 7038 2230 8047 9809 143 7948 1382 9209 3885 4787 4554 7548 2190 3542 9181 1705 2357 1323 9163 6301
29 207 5939 9441 1614 434 9549 4828 2232 1836 1693 3364 5291 3284 7150 3853 388 1613 4310 6967 7241 8580 3864 3910 1877 9934 4840 6161 277 694
28 820 3265 3899 5127 9612 5318 740 6286 383 6711 1189 7275 3134 8185 5947 6540 2708 7064 7479 5061 8064 4537 8647 5294 4271 4619 3826 8216
29 8946 5673 1531 9042 3763 3411 4673 9235 2937 1427 7190 4101 3798 2724 6873 3437 9169 834 7628 1230 6984 9176 5180 2115 6709 24 1727 8805 8694
28 8099 6227 2836 1926 5181 4639 590 8442 7317 6606 2260 9664 3926 7242 1409 8732 2290 1584 3089 5676 5722 3691 7440 6907 426 8195 3403 5473
28 5233 811 3937 26 8237 8991 1160 5587 1882 409 8358 6252 7846 3321 6836 278 7994 4010 100 4464 7193 3862 6455 5342 9563 9927 8945 9544
29 7136 3145 6778 7894 7161 4175 319 8478 7111 6472 3313 9952 5768 710 8915 3287 3740 9567 3056 4987 9137 3206 5319 1978 8241 6358 7322 8816 6906
28 333 6154 4166 4717 5668 721 4887 5323 2039 1074 6210 1163 8611 8066 1353 5546 9040 1013 705 508 7057 9210 2856 4326 6159 2067 6524 2215
28 4077 7639 9166 5349 1776 9907 7016 6902 2797 4562 9812 8437 9280 1829 1145 7587 5187 9671 5605 2458 6568 8557 9433 3998 2514 4762 1473 2406
28 1660 2847 4660 6864 7367 4005 62 7296 4193 7815 4281 7771 5198 7346 9024 8597 2593 2070 1720 6193 728 8951 7754 1685 6506 8682 8270 2791
28 1574 474 9940 4311 2013 6322 3537 4487 8042 7135 9815 4565 4992 4098 5202 5268 6403 4404 2602 1043 4203 8079 5217 1470 517 7726 7568 711
29 9861 1030 9104 40 4716 4053 5693 1804 9059 8466 4431 8755 5219 3034 6670 4258 3639 3805 6853 6020 8785 8101 8690 5359 77 1464 5361 6898 3082
28 2993 4303 9117 5751 5263 555 7061 2771 7163 1610 8260 84 228 2686 8883 6323 4482 4752 5799 6346 2180 1153 963 4038 8197 5849 7697 6279
29 8039 405 8386 8049 5598 6123 8093 7988 5556 2318 413 6590 1935 8509 3786 2888 5239 7143 5778 2827 6605 1529 5649 1254 20 9080 9866 1778 960
28 6190 8121 6623 8885 6504 1217 5796 7981 793 8603 1104 300 5024 6024 7099 8373 4240 1403 6789 7095 9271 3593 8010 8777 7807 3207 8105 126
29 1785 9850 8592 3682 4034 9773 173 2794 3195 2707 620 8907 8605 8686 4368 9430 4232 595 7285 3788 3749 7204 7998 8363 9713 3601 4257 7270 6627
28 6197 8453 612 5895 1505 8910 5744 6099 8005 1671 6914 2610 3456 6388 4417 8223 8773 7189 6863 5923 9834 8126 351 88 892 7089 6960 7540
29 3766 2091 7569 8547 9484 5051 5228 8264 4117 1360 4032 6460 3975 259 4011 6438 1391 4493 9144 5853 5004 8474 8632 6289 1939 5471 6842 7608 3232
29 1377 4474 1186 3373 7528 7180 9825 6128 4953 2552 4292 1045 1650 3199 7431 9252 2445 538 4868 4853 5888 8342 2284 3084 6408 5491 4897 6952 6491
29 4768 9696 5938 8586 4710 1562 8791 6361 6553 7304 6225 2355 92 6908 6591 8475 2226 8847 370 8525 827 2934 6560 3045 181 1937 937 4605 2480
29 7849 5241 8399 1983 3306 515 9055 1904 1411 5293 9173 6183 4547 2790 3889 3920 4522 4704 9473 9614 9578 293 1900 2383 7477 390 7772 7555 7364
28 8097 8590 9131 4458 7416 2701 5052 8506 7046 2538 4774 9855 3303 4090 895 2185 6714 4557 4861 774 4013 1570 2160 3111 3547 9748 5216 5284
28 3198 994 7787 2228 5940 9115 7185 3871 3724 7671 3277 6954 5497 4294 1498 6380 999 4836 5986 3357 4154 9402 3165 2360 6921 5256 2273 2386
28 5835 4661 3579 3259 9397 8954 2920 2637 9949 111 5397 3721 9769 680 2759 7212 7500 6039 4187 6736 1159 2438 6602 809 1305 3758 1875 5674
28 389 3628 8017 6871 5520 5797 1300 9675 4938 9339 8131 1825 1919 109 1507 9050 3890 9487 1619 9516 6067 3561 9496 5719 8306 4683 1678 233
28 5046 8669 1779 16 9382 4227 163 9880 7931 9178 4782 8159 2606 1621 8630 5443 6180 5252 9480 1844 4528 5145 7520 7342 7791 6988 7966 2155
29 671 2713 6461 5116 5658 4694 6676 4472 3780 3481 6233 9839 8106 2967 2845 3692 4525 4648 7961 2665 1384 1687 2117 1546 1474 940 8092 3048 8670
28 6021 5388 3534 7120 5855 6677 9147 2238 2310 9658 3743 2122 5894 6060 2869 9122 7737 3253 1903 6604 6034 8102 4210 894 566 4580 2789 2565
29 8544 8961 8568 4091 3139 9874 5925 9745 5439 7661 5856 7334 832 4749 1453 7013 64 7103 8984 9294 9062 9649 6541 4366 7106 4735 5698 2561 900
28 4119 7222 3701 6459 1608 9708 851 5010 2728 5070 991 8808 7459 3759 9959 3389 4737 755 9162 6870 5788 7736 6501 6761 5813 9987 2532 518
28 7320 1833 5721 5632 5109 1794 8924 3821 9660 1680 9500 1023 4002 8390 866 5505 8226 7365 8537 2208 1251 4484 9623 8985 652 6929 6564 8307
29 4611 94 457 6117 7867 7668 9329 3299 943 1083 5189 7377 3415 6484 1452 4839 6807 3068 9085 5034 4491 2621 9905 8823 4820 7246 9580 9768 1635
28 9738 551 6754 3476 1053 8575 1076 5875 1253 4641 9012 9862 9466 8639 3941 5026 6302 3109 1931 495 1922 9744 8838 5599 2721 7166 1801 2936
28 5959 7256 8977 7922 6922 5949 2053 9477 1541 5975 6856 38 1262 3132 3753 5978 2945 9046 7476 5602 658 2575 3374 2063 6920 1263 5970 4418
28 295 4433 5475 3501 9520 1133 7349 4621 4831 6268 4130 8552 1436 8015 3063 254 7438 6400 6528 9944 1332 8998 5232 4042 2498 3345 3645 8932
29 8315 816 3765 7449 1025 6868 2838 3203 9186 5382 2373 1168 2923 986 3963 8175 2364 1450 6336 6682 5626 3230 6723 735 8979 7741 4548 5915 9604
29 6570 8372 182 2 2767 5144 6622 9795 6764 9153 5175 3515 9365 58 7692 9716 9292 6466 1058 4806 4675 2210 9539 640 2749 8776 2306 3870 8618
29 3187 9826 8481 1835 1175 9165 7572 6817 8292 4413 9368 7554 8939 8255 4157 9359 1117 1950 9726 3738 6259 3223 6517 8203 4138 4947 4353 1298 7234
28 3363 8730 7014 850 4126 9625 4795 800 5911 5821 2909 9689 3095 777 7725 9483 9409 5340 8973 4886 668 8357 4485 4369 8846 6311 8539 4789
28 4065 1062 6245 130 5207 8937 9494 8828 1730 5133 1724 7525 428 1352 4120 6846 1047 8702 2974 8312 7211 5995 372 7094 439 7856 7029 7215
28 3440 846 5908 3350 952 9856 6221 4089 2281 4241 9760 2986 8616 6291 9800 8942 193 17 1006 9521 2073 9472 6465 8520 3614 6573 3580 3810
29 1141 3902 3681 968 6620 2992 7299 93 3018 400 1643 7423 9497 5808 4199 1221 7676 9624 9875 9026 6923 3980 1110 8112 8343 7843 6271 1791 9478
29 6229 8607 4951 479 3844 7519 899 9461 2542 6824 8067 6238 3246 6915 5800 2060 5958 3432 801 6685 6122 298 1841 8672 5527 4699 2400 2456 8385
29 9822 5325 2332 3560 5005 6421 5348 9439 5969 7703 8668 3982 5441 6728 4862 6365 3073 4043 840 2490 1432 2159 6579 5764 7119 5526 6149 6142 7911
29 2805 5467 6214 3698 3950 7980 2359 8454 9851 8486 8573 7000 8892 1936 9595 7779 6521 6387 8199 935 1949 2363 808 2964 4416 7478 5780 3059 4275
28 175 8406 1285 3417 3671 1276 792 8646 9324 7876 2078 4720 8145 782 7844 4477 2108 9647 7578 3466 3564 1041 6899 1951 8554 2616 1533 3554
29 4467 804 6890 7230 4926 4084 2375 9272 6328 3304 790 3631 2033 4919 8109 7763 2753 1033 3371 6087 5283 3726 1628 4733 509 6303 4345 9724 1921
29 2139 3827 2803 9787 6910 8108 2106 3619 794 8316 8859 6449 5974 1952 5994 5479 6768 1645 2344 2023 2932 5328 7498 4999 6305 2041 870 2661 8636
29 1813 9194 1956 3659 7769 1293 8594 9182 4758 1207 3494 7213 1920 2645 9453 6837 3891 5415 6964 3337 8656 3538 6593 4959 843 4695 3633 4235 9212
28 7277 9288 2604 8324 8936 9980 2673 4315 4348 3398 1215 636 8435 6137 1170 9931 6492 1495 4439 3029 1696 4445 7252 6797 344 6762 3956 2585
29 6507 6687 7694 9378 9817 1016 6452 6112 926 4652 452 5811 6206 9844 5767 2225 8867 8155 7848 9195 1605 1381 783 7602 8736 4680 5789 4871 1911
28 102 2550 3119 9019 2168 9027 3443 7201 9451 1310 5311 4344 1459 3464 664 1457 1057 7292 4653 9028 7420 4563 7360 6141 2885 1316 3024 1001
28 3883 2563 5511 6474 4219 5058 8569 7338 9798 3320 1309 3298 6581 2632 1830 1736 2309 6249 7314 246 4725 1979 7461 5615 4228 4793 1327 6017
29 3877 3247 2069 3987 8613 6554 9356 209 5935 2947 4990 1915 9833 1661 9877 5622 6146 7129 3031 4269 3793 8344 5932 7457 2523 1071 9161 6055 5453
29 9191 5552 5528 1976 6073 5229 1865 4550 3777 51 833 7355 7949 7001 7035 4814 7626 6526 4133 5179 3617 3023 828 1812 2311 4197 936 5562 6787
29 660 3235 9075 3640 4200 610 1689 743 7693 5183 5096 4028 5290 4081 693 2283 9507 1240 5123 8098 9105 5364 4449 5702 7508 5809 8640 8753 5921
28 45 596 928 7060 7442 1165 1055 901 6331 5900 1668 9654 7247 8007 210 9681 3567 3378 2460 3282 1234 6636 7666 8542 4682 3906 9358 5561
28 4891 1752 1909 3855 7151 9721 35 8911 5760 7664 1419 6098 8538 6951 9207 7564 6924 4406 2754 9005 28 8275 4176 8088 5985 3760 8514 6546
28 4764 9662 5941 1410 7699 8250 8756 2531 3130 9126 7071 4591 2998 3136 4761 4109 3004 8900 7433 7624 2628 160 7139 5009 8803 2105 4775 2719
29 5500 9992 7358 6416 6445 7430 8609 1525 4575 230 6820 76 6368 989 6450 3896 6621 6946 2319 2596 8664 5452 5085 6040 2095 1967 1991 6405 4131
29 3511 3492 8543 7279 6237 3380 1487 5580 1167 9885 199 6814 9303 6044 7276 9666 9323 8034 6527 4208 3413 114 880 121 7100 7804 7424 5486 6051
29 7828 4662 9257 5237 7742 1795 4553 6395 3912 1120 9910 4869 5018 9118 2671 9564 8960 2411 3222 122 2831 6840 4296 692 7152 8981 9152 2296 9154
29 7576 625 3460 4239 9899 2236 4302 5163 1028 9634 4504 2370 5332 3974 8550 169 3047 2200 7732 6469 7904 4427 9061 6769 4798 1115 6269 6830 8392
29 2603 5008 8870 9804 8471 3118 3741 9133 4874 7330 1256 7076 1280 3893 2981 5737 9021 2910 5927 7550 3969 3523 2529 6887 4411 4532 8037 6264 592
29 666 7006 9366 9304 2145 1612 6816 3644 6919 4997 5413 7466 2852 729 5230 1894 1169 2270 7632 4731 4245 8287 1500 9953 2248 7090 368 3472 419
28 746 6720 2442 5914 9385 220 9467 8679 1609 5490 753 1292 907 6508 3054 611 3535 583 4372 3550 2347 7140 7933 3141 7544 172 8768 212
28 8404 9038 8434 3264 3762 7383 2295 7896 6230 5071 5222 7039 7589 4546 6502 5758 101 5393 1743 2192 8091 6825 1506 9074 2510 3289 3305 9607
29 8849 9814 7402 1051 6284 1123 2057 3326 8518 2415 5238 8813 2121 8963 245 9400 8276 1858 9316 9746 6373 8280 8451 2926 7332 806 451 9827 4659
29 5955 6152 6200 896 9836 4001 8417 8365 9725 2558 594 5818 8956 5600 2348 3512 6353 6326 4202 9656 9493 2421 8179 7228 731 8077 9645 7341 519
28 7324 3171 9037 7638 1964 8549 2429 5177 9314 9548 8008 310 7007 8446 2549 8578 9387 5001 5617 864 8704 6101 1031 3135 4196 6266 5928 4767
28 6638 2090 1842 2399 3331 5654 9961 2409 8840 3532 2097 2935 9250 7532 5804 1606 514 4738 8291 8340 6880 8071 2336 7453 9208 501 2670 6038
28 5798 2766 5324 2140 3744 9963 3783 7541 1821 1039 3484 7935 4825 5450 7586 4332 7912 8571 2022 5616 9541 6116 312 3713 8117 5918 4791 2952
29 5057 7132 2418 3679 9033 5251 8293 7441 7202 7415 7942 9703 249 4713 643 4351 8336 2229 3945 5754 9333 6903 5011 2282 2094 6012 5609 6732 4901
29 2635 1846 5917 2858 779 4408 6105 1735 5434 2511 70 3416 4985 9414 5786 5594 2484 4596 6232 3485 867 9722 8393 6251 8110 8880 769 7471 3143
28 2758 5967 5886 460 3845 589 5125 9495 5862 2320 1694 2857 2720 9158 1530 8759 5643 8480 1565 8662 5321 1982 4209 7683 9788 4995 3030 4977
28 3236 9538 7380 9224 4607 8726 4975 243 266 8794 7727 8335 3839 231 533 9421 6930 2929 6505 3900 3787 3070 1447 7306 6783 9347 2829 3159
28 5062 3179 2000 429 9621 3036 1677 3151 219 7651 8677 1564 2495 4603 7859 2741 1673 5385 3754 4719 2880 5339 3699 7052 9642 990 2431 8819
28 1134 1599 6931 2305 1267 8462 8913 3489 7755 6715 5036 3194 3488 4343 7167 4815 2692 3184 2164 5871 1078 6852 5776 4681 4367 3583 2786 7747
28 7674 5532 1556 6250 7543 4587 6985 9546 5748 8483 7925 6287 7785 4943 4776 3657 381 2299 424 6132 7786 8863 7101 2261 5936 8596 1522 9860
29 9014 2335 8143 4802 9816 9096 8368 9485 1121 4272 9482 8189 3147 1873 8762 2251 5076 8023 9920 6035 7627 506 6659 8032 1881 8731 7194 6865 4644
28 6042 1271 1196 4169 676 4629 6727 3604 6559 5843 3280 2188 9116 7973 8124 7888 7155 5554 7208 3296 1478 8229 2905 6260 5173 3779 2380 5320
29 9351 8468 4057 9227 3735 6304 9989 760 8812 2009 4489 1524 4179 8826 6742 2034 7898 3276 9597 6525 2816 4024 1481 9032 2203 8024 3769 7756 7456
28 1764 1125 502 3919 1024 7482 7870 9183 5757 3487 4941 911 9216 8842 7919 4146 5174 6045 631 438 6126 8449 9198 1181 7050 6823 7537 5987
29 6198 7539 5564 1014 1152 5860 7259 572 7680 6515 1516 642 6115 8371 9002 1070 3301 5688 7762 6381 7170 7034 661 6077 717 2779 637 2957 697
29 8141 3505 2855 5462 2640 8663 6049 8328 1306 1676 886 6145 3635 3568 264 5971 4059 536 248 6987 5414 8485 1061 235 581 7951 1638 7917 7414
28 2822 9764 528 1192 2147 7621 5433 4387 7045 6015 5964 5701 3121 3390 1914 1416 7499 5573 9174 9807 8069 3309 9364 4008 3943 6881 5375 4821
28 1572 6796 5966 350 9702 7436 5351 5424 356 7401 1708 4127 865 1879 4317 6134 3043 7813 6739 3549 8467 1162 1811 8788 4571 205 4643 6843
28 6430 5147 1330 2526 8234 5086 6990 174 5878 2989 3546 9575 7560 909 1552 4756 8401 7231 7879 4837 4234 1155 1443 1576 730 8893 2123 9555
29 9872 9740 4543 1148 1737 8046 5167 5390 5570 8493 5508 2382 1244 5027 3723 6350 8972 5419 7964 46 3736 3294 6355 3219 9143 2487 5513 6625 6172
29 2446 6897 5653 8438 5151 4573 2609 1998 9267 893 7328 2040 4930 1294 751 86 3319 5810 2592 9237 2361 5872 7734 6431 8522 3710 3474 1596 2894
